<?xml version="1.0" encoding="utf-8"?>
<test-run id="2" testcasecount="178" result="Passed" total="178" passed="178" failed="0" inconclusive="0" skipped="0" asserts="0" engine-version="3.5.0.0" clr-version="4.0.30319.42000" start-time="2020-01-09 23:28:00Z" end-time="2020-01-09 23:28:56Z" duration="56.3203775">
  <test-suite type="TestSuite" id="1000" name="UnityTestFramework" fullname="UnityTestFramework" runstate="Runnable" testcasecount="178" result="Passed" start-time="2020-01-09 23:28:00Z" end-time="2020-01-09 23:28:56Z" duration="56.320378" total="178" passed="178" failed="0" inconclusive="0" skipped="0" asserts="0">
    <properties />
    <test-suite type="Assembly" id="1158" name="Unity.SimViz.Content.Runtime.Tests.dll" fullname="C:/srchome/simviz/TestProjects/SimVizTest/Library/ScriptAssemblies/Unity.SimViz.Content.Runtime.Tests.dll" runstate="Runnable" testcasecount="129" result="Passed" start-time="2020-01-09 23:28:00Z" end-time="2020-01-09 23:28:07Z" duration="6.919232" total="129" passed="129" failed="0" inconclusive="0" skipped="0" asserts="0">
      <properties>
        <property name="_PID" value="5764" />
        <property name="_APPDOMAIN" value="Unity Child Domain" />
        <property name="platform" value="PlayMode" />
      </properties>
      <test-suite type="TestSuite" id="1159" name="UnityEngine" fullname="UnityEngine" runstate="Runnable" testcasecount="129" result="Passed" start-time="2020-01-09 23:28:00Z" end-time="2020-01-09 23:28:06Z" duration="6.691784" total="129" passed="129" failed="0" inconclusive="0" skipped="0" asserts="0">
        <properties />
        <test-suite type="TestSuite" id="1160" name="SimViz" fullname="UnityEngine.SimViz" runstate="Runnable" testcasecount="129" result="Passed" start-time="2020-01-09 23:28:00Z" end-time="2020-01-09 23:28:06Z" duration="6.482376" total="129" passed="129" failed="0" inconclusive="0" skipped="0" asserts="0">
          <properties />
          <test-suite type="TestSuite" id="1161" name="Content" fullname="UnityEngine.SimViz.Content" runstate="Runnable" testcasecount="129" result="Passed" start-time="2020-01-09 23:28:00Z" end-time="2020-01-09 23:28:06Z" duration="6.278004" total="129" passed="129" failed="0" inconclusive="0" skipped="0" asserts="0">
            <properties />
            <test-suite type="TestSuite" id="1162" name="ContentTests" fullname="UnityEngine.SimViz.Content.ContentTests" runstate="Runnable" testcasecount="129" result="Passed" start-time="2020-01-09 23:28:00Z" end-time="2020-01-09 23:28:06Z" duration="6.074433" total="129" passed="129" failed="0" inconclusive="0" skipped="0" asserts="0">
              <properties />
              <test-suite type="TestFixture" id="1002" name="GeometryTests" fullname="UnityEngine.SimViz.Content.ContentTests.GeometryTests" classname="UnityEngine.SimViz.Content.ContentTests.GeometryTests" runstate="Runnable" testcasecount="73" result="Passed" start-time="2020-01-09 23:28:00Z" end-time="2020-01-09 23:28:00Z" duration="0.587800" total="73" passed="73" failed="0" inconclusive="0" skipped="0" asserts="0">
                <properties />
                <test-suite type="ParameterizedMethod" id="1028" name="SampleArc_ReturnsValuesAlongCurve" fullname="UnityEngine.SimViz.Content.ContentTests.GeometryTests.SampleArc_ReturnsValuesAlongCurve" classname="UnityEngine.SimViz.Content.ContentTests.GeometryTests" runstate="Runnable" testcasecount="7" result="Passed" start-time="2020-01-09 23:28:00Z" end-time="2020-01-09 23:28:00Z" duration="0.213039" total="7" passed="7" failed="0" inconclusive="0" skipped="0" asserts="0">
                  <properties />
                  <test-case id="1021" name="SampleArc_ReturnsValuesAlongCurve(0,0,0,0,0)" fullname="UnityEngine.SimViz.Content.ContentTests.GeometryTests.SampleArc_ReturnsValuesAlongCurve(0,0,0,0,0)" methodname="SampleArc_ReturnsValuesAlongCurve" classname="UnityEngine.SimViz.Content.ContentTests.GeometryTests" runstate="Runnable" seed="971655956" result="Passed" start-time="2020-01-09 23:28:00Z" end-time="2020-01-09 23:28:00Z" duration="0.015428" asserts="0">
                    <properties />
                    <output><![CDATA[
##utp:{"type":"TestStatus","time":1578612480209,"version":2,"phase":"Begin","processId":5764,"name":"UnityEngine.SimViz.Content.ContentTests.GeometryTests.SampleArc_ReturnsValuesAlongCurve(0,0,0,0,0)","state":0}

##utp:{"type":"TestStatus","time":1578612480234,"version":2,"phase":"End","processId":5764,"name":"UnityEngine.SimViz.Content.ContentTests.GeometryTests.SampleArc_ReturnsValuesAlongCurve(0,0,0,0,0)","state":4,"message":"","duration":15,"durationMicroseconds":15428}
##performancetestruninfo:{"PlayerSystemInfo":{"OperatingSystem":"Windows 10  (10.0.0) 64bit","DeviceModel":"XPS 15 7590 (Dell Inc.)","DeviceName":"SEA00133","ProcessorType":"Intel(R) Core(TM) i9-9980HK CPU @ 2.40GHz","ProcessorCount":16,"GraphicsDeviceName":"NVIDIA GeForce GTX 1650","SystemMemorySize":32472,"XrModel":"","XrDevice":""},"EditorVersion":{"FullVersion":"2019.3.0f3 (6c9e2bfd6f81)","DateSeconds":1575730581,"Branch":"2019.3/staging","RevisionValue":7118379},"BuildSettings":{"Platform":"WindowsEditor","BuildTarget":"StandaloneWindows64","DevelopmentPlayer":false,"AndroidBuildSystem":"Gradle"},"ScreenSettings":{"ScreenWidth":3440,"ScreenHeight":1440,"ScreenRefreshRate":50,"Fullscreen":false},"QualitySettings":{"Vsync":0,"AntiAliasing":2,"ColorSpace":"Linear","AnisotropicFiltering":"ForceEnable","BlendWeights":"Unlimited"},"PlayerSettings":{"ScriptingBackend":"Mono2x","VrSupported":false,"MtRendering":true,"GraphicsJobs":true,"GpuSkinning":false,"GraphicsApi":"Direct3D11","Batchmode":"False","StereoRenderingPath":"MultiPass","RenderThreadingMode":"GraphicsJobs","AndroidMinimumSdkVersion":"AndroidApiLevel19","AndroidTargetSdkVersion":"AndroidApiLevelAuto","EnabledXrTargets":[],"ScriptingRuntimeVersion":""},"TestSuite":"Editmode","StartTime":1578612469679.7605,"EndTime":0.0,"Results":[]}]]></output>
                  </test-case>
                  <test-case id="1022" name="SampleArc_ReturnsValuesAlongCurve(1,0,0,0,0)" fullname="UnityEngine.SimViz.Content.ContentTests.GeometryTests.SampleArc_ReturnsValuesAlongCurve(1,0,0,0,0)" methodname="SampleArc_ReturnsValuesAlongCurve" classname="UnityEngine.SimViz.Content.ContentTests.GeometryTests" runstate="Runnable" seed="1048187355" result="Passed" start-time="2020-01-09 23:28:00Z" end-time="2020-01-09 23:28:00Z" duration="0.001811" asserts="0">
                    <properties />
                    <output><![CDATA[
##utp:{"type":"TestStatus","time":1578612480398,"version":2,"phase":"Begin","processId":5764,"name":"UnityEngine.SimViz.Content.ContentTests.GeometryTests.SampleArc_ReturnsValuesAlongCurve(1,0,0,0,0)","state":0}

##utp:{"type":"TestStatus","time":1578612480401,"version":2,"phase":"End","processId":5764,"name":"UnityEngine.SimViz.Content.ContentTests.GeometryTests.SampleArc_ReturnsValuesAlongCurve(1,0,0,0,0)","state":4,"message":"","duration":2,"durationMicroseconds":1811}
]]></output>
                  </test-case>
                  <test-case id="1023" name="SampleArc_ReturnsValuesAlongCurve(-1,0,0,0,0)" fullname="UnityEngine.SimViz.Content.ContentTests.GeometryTests.SampleArc_ReturnsValuesAlongCurve(-1,0,0,0,0)" methodname="SampleArc_ReturnsValuesAlongCurve" classname="UnityEngine.SimViz.Content.ContentTests.GeometryTests" runstate="Runnable" seed="845487159" result="Passed" start-time="2020-01-09 23:28:00Z" end-time="2020-01-09 23:28:00Z" duration="0.000459" asserts="0">
                    <properties />
                    <output><![CDATA[
##utp:{"type":"TestStatus","time":1578612480401,"version":2,"phase":"Begin","processId":5764,"name":"UnityEngine.SimViz.Content.ContentTests.GeometryTests.SampleArc_ReturnsValuesAlongCurve(-1,0,0,0,0)","state":0}

##utp:{"type":"TestStatus","time":1578612480401,"version":2,"phase":"End","processId":5764,"name":"UnityEngine.SimViz.Content.ContentTests.GeometryTests.SampleArc_ReturnsValuesAlongCurve(-1,0,0,0,0)","state":4,"message":"","duration":0,"durationMicroseconds":459}
]]></output>
                  </test-case>
                  <test-case id="1024" name="SampleArc_ReturnsValuesAlongCurve(1,3.141593f,0,2,180)" fullname="UnityEngine.SimViz.Content.ContentTests.GeometryTests.SampleArc_ReturnsValuesAlongCurve(1,3.141593f,0,2,180)" methodname="SampleArc_ReturnsValuesAlongCurve" classname="UnityEngine.SimViz.Content.ContentTests.GeometryTests" runstate="Runnable" seed="1944498890" result="Passed" start-time="2020-01-09 23:28:00Z" end-time="2020-01-09 23:28:00Z" duration="0.000465" asserts="0">
                    <properties />
                    <output><![CDATA[
##utp:{"type":"TestStatus","time":1578612480402,"version":2,"phase":"Begin","processId":5764,"name":"UnityEngine.SimViz.Content.ContentTests.GeometryTests.SampleArc_ReturnsValuesAlongCurve(1,3.141593f,0,2,180)","state":0}

##utp:{"type":"TestStatus","time":1578612480403,"version":2,"phase":"End","processId":5764,"name":"UnityEngine.SimViz.Content.ContentTests.GeometryTests.SampleArc_ReturnsValuesAlongCurve(1,3.141593f,0,2,180)","state":4,"message":"","duration":0,"durationMicroseconds":465}
]]></output>
                  </test-case>
                  <test-case id="1025" name="SampleArc_ReturnsValuesAlongCurve(-1,3.141593f,0,-2,180)" fullname="UnityEngine.SimViz.Content.ContentTests.GeometryTests.SampleArc_ReturnsValuesAlongCurve(-1,3.141593f,0,-2,180)" methodname="SampleArc_ReturnsValuesAlongCurve" classname="UnityEngine.SimViz.Content.ContentTests.GeometryTests" runstate="Runnable" seed="42533539" result="Passed" start-time="2020-01-09 23:28:00Z" end-time="2020-01-09 23:28:00Z" duration="0.000455" asserts="0">
                    <properties />
                    <output><![CDATA[
##utp:{"type":"TestStatus","time":1578612480403,"version":2,"phase":"Begin","processId":5764,"name":"UnityEngine.SimViz.Content.ContentTests.GeometryTests.SampleArc_ReturnsValuesAlongCurve(-1,3.141593f,0,-2,180)","state":0}

##utp:{"type":"TestStatus","time":1578612480405,"version":2,"phase":"End","processId":5764,"name":"UnityEngine.SimViz.Content.ContentTests.GeometryTests.SampleArc_ReturnsValuesAlongCurve(-1,3.141593f,0,-2,180)","state":4,"message":"","duration":0,"durationMicroseconds":455}
]]></output>
                  </test-case>
                  <test-case id="1026" name="SampleArc_ReturnsValuesAlongCurve(2,3.141593f,0,0,0)" fullname="UnityEngine.SimViz.Content.ContentTests.GeometryTests.SampleArc_ReturnsValuesAlongCurve(2,3.141593f,0,0,0)" methodname="SampleArc_ReturnsValuesAlongCurve" classname="UnityEngine.SimViz.Content.ContentTests.GeometryTests" runstate="Runnable" seed="487377531" result="Passed" start-time="2020-01-09 23:28:00Z" end-time="2020-01-09 23:28:00Z" duration="0.000447" asserts="0">
                    <properties />
                    <output><![CDATA[
##utp:{"type":"TestStatus","time":1578612480405,"version":2,"phase":"Begin","processId":5764,"name":"UnityEngine.SimViz.Content.ContentTests.GeometryTests.SampleArc_ReturnsValuesAlongCurve(2,3.141593f,0,0,0)","state":0}

##utp:{"type":"TestStatus","time":1578612480406,"version":2,"phase":"End","processId":5764,"name":"UnityEngine.SimViz.Content.ContentTests.GeometryTests.SampleArc_ReturnsValuesAlongCurve(2,3.141593f,0,0,0)","state":4,"message":"","duration":0,"durationMicroseconds":447}
]]></output>
                  </test-case>
                  <test-case id="1027" name="SampleArc_ReturnsValuesAlongCurve(0.5f,3.141593f,2,2,90)" fullname="UnityEngine.SimViz.Content.ContentTests.GeometryTests.SampleArc_ReturnsValuesAlongCurve(0.5f,3.141593f,2,2,90)" methodname="SampleArc_ReturnsValuesAlongCurve" classname="UnityEngine.SimViz.Content.ContentTests.GeometryTests" runstate="Runnable" seed="2131903633" result="Passed" start-time="2020-01-09 23:28:00Z" end-time="2020-01-09 23:28:00Z" duration="0.000454" asserts="0">
                    <properties />
                    <output><![CDATA[
##utp:{"type":"TestStatus","time":1578612480406,"version":2,"phase":"Begin","processId":5764,"name":"UnityEngine.SimViz.Content.ContentTests.GeometryTests.SampleArc_ReturnsValuesAlongCurve(0.5f,3.141593f,2,2,90)","state":0}

##utp:{"type":"TestStatus","time":1578612480408,"version":2,"phase":"End","processId":5764,"name":"UnityEngine.SimViz.Content.ContentTests.GeometryTests.SampleArc_ReturnsValuesAlongCurve(0.5f,3.141593f,2,2,90)","state":4,"message":"","duration":0,"durationMicroseconds":454}
]]></output>
                  </test-case>
                </test-suite>
                <test-suite type="ParameterizedMethod" id="1035" name="SampleLine_WithHeading_ReturnsCorrectValues" fullname="UnityEngine.SimViz.Content.ContentTests.GeometryTests.SampleLine_WithHeading_ReturnsCorrectValues" classname="UnityEngine.SimViz.Content.ContentTests.GeometryTests" runstate="Runnable" testcasecount="6" result="Passed" start-time="2020-01-09 23:28:00Z" end-time="2020-01-09 23:28:00Z" duration="0.018268" total="6" passed="6" failed="0" inconclusive="0" skipped="0" asserts="0">
                  <properties />
                  <test-case id="1029" name="SampleLine_WithHeading_ReturnsCorrectValues(0,0,0,0,0)" fullname="UnityEngine.SimViz.Content.ContentTests.GeometryTests.SampleLine_WithHeading_ReturnsCorrectValues(0,0,0,0,0)" methodname="SampleLine_WithHeading_ReturnsCorrectValues" classname="UnityEngine.SimViz.Content.ContentTests.GeometryTests" runstate="Runnable" seed="561920518" result="Passed" start-time="2020-01-09 23:28:00Z" end-time="2020-01-09 23:28:00Z" duration="0.001481" asserts="0">
                    <properties />
                    <output><![CDATA[
##utp:{"type":"TestStatus","time":1578612480427,"version":2,"phase":"Begin","processId":5764,"name":"UnityEngine.SimViz.Content.ContentTests.GeometryTests.SampleLine_WithHeading_ReturnsCorrectValues(0,0,0,0,0)","state":0}

##utp:{"type":"TestStatus","time":1578612480430,"version":2,"phase":"End","processId":5764,"name":"UnityEngine.SimViz.Content.ContentTests.GeometryTests.SampleLine_WithHeading_ReturnsCorrectValues(0,0,0,0,0)","state":4,"message":"","duration":1,"durationMicroseconds":1481}
]]></output>
                  </test-case>
                  <test-case id="1030" name="SampleLine_WithHeading_ReturnsCorrectValues(0,3,0,3,0)" fullname="UnityEngine.SimViz.Content.ContentTests.GeometryTests.SampleLine_WithHeading_ReturnsCorrectValues(0,3,0,3,0)" methodname="SampleLine_WithHeading_ReturnsCorrectValues" classname="UnityEngine.SimViz.Content.ContentTests.GeometryTests" runstate="Runnable" seed="688352705" result="Passed" start-time="2020-01-09 23:28:00Z" end-time="2020-01-09 23:28:00Z" duration="0.000466" asserts="0">
                    <properties />
                    <output><![CDATA[
##utp:{"type":"TestStatus","time":1578612480430,"version":2,"phase":"Begin","processId":5764,"name":"UnityEngine.SimViz.Content.ContentTests.GeometryTests.SampleLine_WithHeading_ReturnsCorrectValues(0,3,0,3,0)","state":0}

##utp:{"type":"TestStatus","time":1578612480431,"version":2,"phase":"End","processId":5764,"name":"UnityEngine.SimViz.Content.ContentTests.GeometryTests.SampleLine_WithHeading_ReturnsCorrectValues(0,3,0,3,0)","state":4,"message":"","duration":0,"durationMicroseconds":466}
]]></output>
                  </test-case>
                  <test-case id="1031" name="SampleLine_WithHeading_ReturnsCorrectValues(0,1,0,1,0)" fullname="UnityEngine.SimViz.Content.ContentTests.GeometryTests.SampleLine_WithHeading_ReturnsCorrectValues(0,1,0,1,0)" methodname="SampleLine_WithHeading_ReturnsCorrectValues" classname="UnityEngine.SimViz.Content.ContentTests.GeometryTests" runstate="Runnable" seed="875482175" result="Passed" start-time="2020-01-09 23:28:00Z" end-time="2020-01-09 23:28:00Z" duration="0.000469" asserts="0">
                    <properties />
                    <output><![CDATA[
##utp:{"type":"TestStatus","time":1578612480432,"version":2,"phase":"Begin","processId":5764,"name":"UnityEngine.SimViz.Content.ContentTests.GeometryTests.SampleLine_WithHeading_ReturnsCorrectValues(0,1,0,1,0)","state":0}

##utp:{"type":"TestStatus","time":1578612480433,"version":2,"phase":"End","processId":5764,"name":"UnityEngine.SimViz.Content.ContentTests.GeometryTests.SampleLine_WithHeading_ReturnsCorrectValues(0,1,0,1,0)","state":4,"message":"","duration":0,"durationMicroseconds":468}
]]></output>
                  </test-case>
                  <test-case id="1032" name="SampleLine_WithHeading_ReturnsCorrectValues(90,1,0,0,1)" fullname="UnityEngine.SimViz.Content.ContentTests.GeometryTests.SampleLine_WithHeading_ReturnsCorrectValues(90,1,0,0,1)" methodname="SampleLine_WithHeading_ReturnsCorrectValues" classname="UnityEngine.SimViz.Content.ContentTests.GeometryTests" runstate="Runnable" seed="1810683622" result="Passed" start-time="2020-01-09 23:28:00Z" end-time="2020-01-09 23:28:00Z" duration="0.000470" asserts="0">
                    <properties />
                    <output><![CDATA[
##utp:{"type":"TestStatus","time":1578612480433,"version":2,"phase":"Begin","processId":5764,"name":"UnityEngine.SimViz.Content.ContentTests.GeometryTests.SampleLine_WithHeading_ReturnsCorrectValues(90,1,0,0,1)","state":0}

##utp:{"type":"TestStatus","time":1578612480435,"version":2,"phase":"End","processId":5764,"name":"UnityEngine.SimViz.Content.ContentTests.GeometryTests.SampleLine_WithHeading_ReturnsCorrectValues(90,1,0,0,1)","state":4,"message":"","duration":0,"durationMicroseconds":470}
]]></output>
                  </test-case>
                  <test-case id="1033" name="SampleLine_WithHeading_ReturnsCorrectValues(-90,1,1,0,0)" fullname="UnityEngine.SimViz.Content.ContentTests.GeometryTests.SampleLine_WithHeading_ReturnsCorrectValues(-90,1,1,0,0)" methodname="SampleLine_WithHeading_ReturnsCorrectValues" classname="UnityEngine.SimViz.Content.ContentTests.GeometryTests" runstate="Runnable" seed="1084576183" result="Passed" start-time="2020-01-09 23:28:00Z" end-time="2020-01-09 23:28:00Z" duration="0.000459" asserts="0">
                    <properties />
                    <output><![CDATA[
##utp:{"type":"TestStatus","time":1578612480435,"version":2,"phase":"Begin","processId":5764,"name":"UnityEngine.SimViz.Content.ContentTests.GeometryTests.SampleLine_WithHeading_ReturnsCorrectValues(-90,1,1,0,0)","state":0}

##utp:{"type":"TestStatus","time":1578612480436,"version":2,"phase":"End","processId":5764,"name":"UnityEngine.SimViz.Content.ContentTests.GeometryTests.SampleLine_WithHeading_ReturnsCorrectValues(-90,1,1,0,0)","state":4,"message":"","duration":0,"durationMicroseconds":459}
]]></output>
                  </test-case>
                  <test-case id="1034" name="SampleLine_WithHeading_ReturnsCorrectValues(180,1,0,-1,0)" fullname="UnityEngine.SimViz.Content.ContentTests.GeometryTests.SampleLine_WithHeading_ReturnsCorrectValues(180,1,0,-1,0)" methodname="SampleLine_WithHeading_ReturnsCorrectValues" classname="UnityEngine.SimViz.Content.ContentTests.GeometryTests" runstate="Runnable" seed="733002210" result="Passed" start-time="2020-01-09 23:28:00Z" end-time="2020-01-09 23:28:00Z" duration="0.000506" asserts="0">
                    <properties />
                    <output><![CDATA[
##utp:{"type":"TestStatus","time":1578612480436,"version":2,"phase":"Begin","processId":5764,"name":"UnityEngine.SimViz.Content.ContentTests.GeometryTests.SampleLine_WithHeading_ReturnsCorrectValues(180,1,0,-1,0)","state":0}

##utp:{"type":"TestStatus","time":1578612480438,"version":2,"phase":"End","processId":5764,"name":"UnityEngine.SimViz.Content.ContentTests.GeometryTests.SampleLine_WithHeading_ReturnsCorrectValues(180,1,0,-1,0)","state":4,"message":"","duration":1,"durationMicroseconds":506}
]]></output>
                  </test-case>
                </test-suite>
                <test-suite type="ParameterizedMethod" id="1087" name="SampleParamPoly3_ReturnsCorrectStartAndEndPoints" fullname="UnityEngine.SimViz.Content.ContentTests.GeometryTests.SampleParamPoly3_ReturnsCorrectStartAndEndPoints" classname="UnityEngine.SimViz.Content.ContentTests.GeometryTests" runstate="Runnable" testcasecount="1" result="Passed" start-time="2020-01-09 23:28:00Z" end-time="2020-01-09 23:28:00Z" duration="0.017571" total="1" passed="1" failed="0" inconclusive="0" skipped="0" asserts="0">
                  <properties />
                  <test-case id="1086" name="SampleParamPoly3_ReturnsCorrectStartAndEndPoints(u: (0.0, 9.0, 9.0, 0.0), v: (0.0, 0.0, 9.0, 3.0), pRange: Normalized,position: float2(0f, 0f), headingRadians: 0,position: float2(18f, 12f), headingRadians: 0.7853982,21.99672f)" fullname="UnityEngine.SimViz.Content.ContentTests.GeometryTests.SampleParamPoly3_ReturnsCorrectStartAndEndPoints(u: (0.0, 9.0, 9.0, 0.0), v: (0.0, 0.0, 9.0, 3.0), pRange: Normalized,position: float2(0f, 0f), headingRadians: 0,position: float2(18f, 12f), headingRadians: 0.7853982,21.99672f)" methodname="SampleParamPoly3_ReturnsCorrectStartAndEndPoints" classname="UnityEngine.SimViz.Content.ContentTests.GeometryTests" runstate="Runnable" seed="937397553" result="Passed" start-time="2020-01-09 23:28:00Z" end-time="2020-01-09 23:28:00Z" duration="0.003311" asserts="0">
                    <properties />
                    <output><![CDATA[
##utp:{"type":"TestStatus","time":1578612480458,"version":2,"phase":"Begin","processId":5764,"name":"UnityEngine.SimViz.Content.ContentTests.GeometryTests.SampleParamPoly3_ReturnsCorrectStartAndEndPoints(u: (0.0, 9.0, 9.0, 0.0), v: (0.0, 0.0, 9.0, 3.0), pRange: Normalized,position: float2(0f, 0f), headingRadians: 0,position: float2(18f, 12f), headingRadians: 0.7853982,21.99672f)","state":0}

##utp:{"type":"TestStatus","time":1578612480464,"version":2,"phase":"End","processId":5764,"name":"UnityEngine.SimViz.Content.ContentTests.GeometryTests.SampleParamPoly3_ReturnsCorrectStartAndEndPoints(u: (0.0, 9.0, 9.0, 0.0), v: (0.0, 0.0, 9.0, 3.0), pRange: Normalized,position: float2(0f, 0f), headingRadians: 0,position: float2(18f, 12f), headingRadians: 0.7853982,21.99672f)","state":4,"message":"","duration":3,"durationMicroseconds":3311}
]]></output>
                  </test-case>
                </test-suite>
                <test-suite type="ParameterizedMethod" id="1085" name="SampleParamPoly3_ReturnsCorrectValuesForPoly3Inputs" fullname="UnityEngine.SimViz.Content.ContentTests.GeometryTests.SampleParamPoly3_ReturnsCorrectValuesForPoly3Inputs" classname="UnityEngine.SimViz.Content.ContentTests.GeometryTests" runstate="Runnable" testcasecount="9" result="Passed" start-time="2020-01-09 23:28:00Z" end-time="2020-01-09 23:28:00Z" duration="0.047305" total="9" passed="9" failed="0" inconclusive="0" skipped="0" asserts="0">
                  <properties />
                  <test-case id="1076" name="SampleParamPoly3_ReturnsCorrectValuesForPoly3Inputs(UnityEngine.SimViz.Content.MapElements.Poly3Data,0.0f,(0.0, 0.0),0.0f)" fullname="UnityEngine.SimViz.Content.ContentTests.GeometryTests.SampleParamPoly3_ReturnsCorrectValuesForPoly3Inputs(UnityEngine.SimViz.Content.MapElements.Poly3Data,0.0f,(0.0, 0.0),0.0f)" methodname="SampleParamPoly3_ReturnsCorrectValuesForPoly3Inputs" classname="UnityEngine.SimViz.Content.ContentTests.GeometryTests" runstate="Runnable" seed="634923441" result="Passed" start-time="2020-01-09 23:28:00Z" end-time="2020-01-09 23:28:00Z" duration="0.002127" asserts="0">
                    <properties />
                    <output><![CDATA[
##utp:{"type":"TestStatus","time":1578612480474,"version":2,"phase":"Begin","processId":5764,"name":"UnityEngine.SimViz.Content.ContentTests.GeometryTests.SampleParamPoly3_ReturnsCorrectValuesForPoly3Inputs(UnityEngine.SimViz.Content.MapElements.Poly3Data,0.0f,(0.0, 0.0),0.0f)","state":0}

##utp:{"type":"TestStatus","time":1578612480478,"version":2,"phase":"End","processId":5764,"name":"UnityEngine.SimViz.Content.ContentTests.GeometryTests.SampleParamPoly3_ReturnsCorrectValuesForPoly3Inputs(UnityEngine.SimViz.Content.MapElements.Poly3Data,0.0f,(0.0, 0.0),0.0f)","state":4,"message":"","duration":2,"durationMicroseconds":2127}
]]></output>
                  </test-case>
                  <test-case id="1077" name="SampleParamPoly3_ReturnsCorrectValuesForPoly3Inputs(UnityEngine.SimViz.Content.MapElements.Poly3Data,0.5f,(0.5, 0.0),0.0f)" fullname="UnityEngine.SimViz.Content.ContentTests.GeometryTests.SampleParamPoly3_ReturnsCorrectValuesForPoly3Inputs(UnityEngine.SimViz.Content.MapElements.Poly3Data,0.5f,(0.5, 0.0),0.0f)" methodname="SampleParamPoly3_ReturnsCorrectValuesForPoly3Inputs" classname="UnityEngine.SimViz.Content.ContentTests.GeometryTests" runstate="Runnable" seed="198446081" result="Passed" start-time="2020-01-09 23:28:00Z" end-time="2020-01-09 23:28:00Z" duration="0.000565" asserts="0">
                    <properties />
                    <output><![CDATA[
##utp:{"type":"TestStatus","time":1578612480478,"version":2,"phase":"Begin","processId":5764,"name":"UnityEngine.SimViz.Content.ContentTests.GeometryTests.SampleParamPoly3_ReturnsCorrectValuesForPoly3Inputs(UnityEngine.SimViz.Content.MapElements.Poly3Data,0.5f,(0.5, 0.0),0.0f)","state":0}

##utp:{"type":"TestStatus","time":1578612480480,"version":2,"phase":"End","processId":5764,"name":"UnityEngine.SimViz.Content.ContentTests.GeometryTests.SampleParamPoly3_ReturnsCorrectValuesForPoly3Inputs(UnityEngine.SimViz.Content.MapElements.Poly3Data,0.5f,(0.5, 0.0),0.0f)","state":4,"message":"","duration":1,"durationMicroseconds":565}
]]></output>
                  </test-case>
                  <test-case id="1078" name="SampleParamPoly3_ReturnsCorrectValuesForPoly3Inputs(UnityEngine.SimViz.Content.MapElements.Poly3Data,1,(1.0, 0.0),0.0f)" fullname="UnityEngine.SimViz.Content.ContentTests.GeometryTests.SampleParamPoly3_ReturnsCorrectValuesForPoly3Inputs(UnityEngine.SimViz.Content.MapElements.Poly3Data,1,(1.0, 0.0),0.0f)" methodname="SampleParamPoly3_ReturnsCorrectValuesForPoly3Inputs" classname="UnityEngine.SimViz.Content.ContentTests.GeometryTests" runstate="Runnable" seed="834911171" result="Passed" start-time="2020-01-09 23:28:00Z" end-time="2020-01-09 23:28:00Z" duration="0.000598" asserts="0">
                    <properties />
                    <output><![CDATA[
##utp:{"type":"TestStatus","time":1578612480480,"version":2,"phase":"Begin","processId":5764,"name":"UnityEngine.SimViz.Content.ContentTests.GeometryTests.SampleParamPoly3_ReturnsCorrectValuesForPoly3Inputs(UnityEngine.SimViz.Content.MapElements.Poly3Data,1,(1.0, 0.0),0.0f)","state":0}

##utp:{"type":"TestStatus","time":1578612480482,"version":2,"phase":"End","processId":5764,"name":"UnityEngine.SimViz.Content.ContentTests.GeometryTests.SampleParamPoly3_ReturnsCorrectValuesForPoly3Inputs(UnityEngine.SimViz.Content.MapElements.Poly3Data,1,(1.0, 0.0),0.0f)","state":4,"message":"","duration":1,"durationMicroseconds":598}
]]></output>
                  </test-case>
                  <test-case id="1079" name="SampleParamPoly3_ReturnsCorrectValuesForPoly3Inputs(UnityEngine.SimViz.Content.MapElements.Poly3Data,0.0f,(0.0, 1.0),0.0f)" fullname="UnityEngine.SimViz.Content.ContentTests.GeometryTests.SampleParamPoly3_ReturnsCorrectValuesForPoly3Inputs(UnityEngine.SimViz.Content.MapElements.Poly3Data,0.0f,(0.0, 1.0),0.0f)" methodname="SampleParamPoly3_ReturnsCorrectValuesForPoly3Inputs" classname="UnityEngine.SimViz.Content.ContentTests.GeometryTests" runstate="Runnable" seed="1712626107" result="Passed" start-time="2020-01-09 23:28:00Z" end-time="2020-01-09 23:28:00Z" duration="0.000517" asserts="0">
                    <properties>
                      <property name="Description" value="Constant factor test #1" />
                    </properties>
                    <output><![CDATA[
##utp:{"type":"TestStatus","time":1578612480482,"version":2,"phase":"Begin","processId":5764,"name":"UnityEngine.SimViz.Content.ContentTests.GeometryTests.SampleParamPoly3_ReturnsCorrectValuesForPoly3Inputs(UnityEngine.SimViz.Content.MapElements.Poly3Data,0.0f,(0.0, 1.0),0.0f)","state":0}

##utp:{"type":"TestStatus","time":1578612480484,"version":2,"phase":"End","processId":5764,"name":"UnityEngine.SimViz.Content.ContentTests.GeometryTests.SampleParamPoly3_ReturnsCorrectValuesForPoly3Inputs(UnityEngine.SimViz.Content.MapElements.Poly3Data,0.0f,(0.0, 1.0),0.0f)","state":4,"message":"","duration":1,"durationMicroseconds":517}
]]></output>
                  </test-case>
                  <test-case id="1080" name="SampleParamPoly3_ReturnsCorrectValuesForPoly3Inputs(UnityEngine.SimViz.Content.MapElements.Poly3Data,0.0f,(0.0, -1.0),0.0f)" fullname="UnityEngine.SimViz.Content.ContentTests.GeometryTests.SampleParamPoly3_ReturnsCorrectValuesForPoly3Inputs(UnityEngine.SimViz.Content.MapElements.Poly3Data,0.0f,(0.0, -1.0),0.0f)" methodname="SampleParamPoly3_ReturnsCorrectValuesForPoly3Inputs" classname="UnityEngine.SimViz.Content.ContentTests.GeometryTests" runstate="Runnable" seed="1723727963" result="Passed" start-time="2020-01-09 23:28:00Z" end-time="2020-01-09 23:28:00Z" duration="0.000548" asserts="0">
                    <properties>
                      <property name="Description" value="Constant factor test #2" />
                    </properties>
                    <output><![CDATA[
##utp:{"type":"TestStatus","time":1578612480485,"version":2,"phase":"Begin","processId":5764,"name":"UnityEngine.SimViz.Content.ContentTests.GeometryTests.SampleParamPoly3_ReturnsCorrectValuesForPoly3Inputs(UnityEngine.SimViz.Content.MapElements.Poly3Data,0.0f,(0.0, -1.0),0.0f)","state":0}

##utp:{"type":"TestStatus","time":1578612480487,"version":2,"phase":"End","processId":5764,"name":"UnityEngine.SimViz.Content.ContentTests.GeometryTests.SampleParamPoly3_ReturnsCorrectValuesForPoly3Inputs(UnityEngine.SimViz.Content.MapElements.Poly3Data,0.0f,(0.0, -1.0),0.0f)","state":4,"message":"","duration":1,"durationMicroseconds":548}
]]></output>
                  </test-case>
                  <test-case id="1081" name="SampleParamPoly3_ReturnsCorrectValuesForPoly3Inputs(UnityEngine.SimViz.Content.MapElements.Poly3Data,10.0f,(10.0, -1.0),0.0f)" fullname="UnityEngine.SimViz.Content.ContentTests.GeometryTests.SampleParamPoly3_ReturnsCorrectValuesForPoly3Inputs(UnityEngine.SimViz.Content.MapElements.Poly3Data,10.0f,(10.0, -1.0),0.0f)" methodname="SampleParamPoly3_ReturnsCorrectValuesForPoly3Inputs" classname="UnityEngine.SimViz.Content.ContentTests.GeometryTests" runstate="Runnable" seed="1677231508" result="Passed" start-time="2020-01-09 23:28:00Z" end-time="2020-01-09 23:28:00Z" duration="0.001215" asserts="0">
                    <properties>
                      <property name="Description" value="Constant factor test #3" />
                    </properties>
                    <output><![CDATA[
##utp:{"type":"TestStatus","time":1578612480487,"version":2,"phase":"Begin","processId":5764,"name":"UnityEngine.SimViz.Content.ContentTests.GeometryTests.SampleParamPoly3_ReturnsCorrectValuesForPoly3Inputs(UnityEngine.SimViz.Content.MapElements.Poly3Data,10.0f,(10.0, -1.0),0.0f)","state":0}

##utp:{"type":"TestStatus","time":1578612480490,"version":2,"phase":"End","processId":5764,"name":"UnityEngine.SimViz.Content.ContentTests.GeometryTests.SampleParamPoly3_ReturnsCorrectValuesForPoly3Inputs(UnityEngine.SimViz.Content.MapElements.Poly3Data,10.0f,(10.0, -1.0),0.0f)","state":4,"message":"","duration":1,"durationMicroseconds":1215}
]]></output>
                  </test-case>
                  <test-case id="1082" name="SampleParamPoly3_ReturnsCorrectValuesForPoly3Inputs(UnityEngine.SimViz.Content.MapElements.Poly3Data,1,(1.0, 0.2),21.31946f)" fullname="UnityEngine.SimViz.Content.ContentTests.GeometryTests.SampleParamPoly3_ReturnsCorrectValuesForPoly3Inputs(UnityEngine.SimViz.Content.MapElements.Poly3Data,1,(1.0, 0.2),21.31946f)" methodname="SampleParamPoly3_ReturnsCorrectValuesForPoly3Inputs" classname="UnityEngine.SimViz.Content.ContentTests.GeometryTests" runstate="Runnable" seed="438757378" result="Passed" start-time="2020-01-09 23:28:00Z" end-time="2020-01-09 23:28:00Z" duration="0.000790" asserts="0">
                    <properties>
                      <property name="Description" value=".2x^2 @ 1" />
                    </properties>
                    <output><![CDATA[
##utp:{"type":"TestStatus","time":1578612480505,"version":2,"phase":"Begin","processId":5764,"name":"UnityEngine.SimViz.Content.ContentTests.GeometryTests.SampleParamPoly3_ReturnsCorrectValuesForPoly3Inputs(UnityEngine.SimViz.Content.MapElements.Poly3Data,1,(1.0, 0.2),21.31946f)","state":0}

##utp:{"type":"TestStatus","time":1578612480507,"version":2,"phase":"End","processId":5764,"name":"UnityEngine.SimViz.Content.ContentTests.GeometryTests.SampleParamPoly3_ReturnsCorrectValuesForPoly3Inputs(UnityEngine.SimViz.Content.MapElements.Poly3Data,1,(1.0, 0.2),21.31946f)","state":4,"message":"","duration":1,"durationMicroseconds":790}
]]></output>
                  </test-case>
                  <test-case id="1083" name="SampleParamPoly3_ReturnsCorrectValuesForPoly3Inputs(UnityEngine.SimViz.Content.MapElements.Poly3Data,1,(0.9, 0.3),38.65137f)" fullname="UnityEngine.SimViz.Content.ContentTests.GeometryTests.SampleParamPoly3_ReturnsCorrectValuesForPoly3Inputs(UnityEngine.SimViz.Content.MapElements.Poly3Data,1,(0.9, 0.3),38.65137f)" methodname="SampleParamPoly3_ReturnsCorrectValuesForPoly3Inputs" classname="UnityEngine.SimViz.Content.ContentTests.GeometryTests" runstate="Runnable" seed="20001336" result="Passed" start-time="2020-01-09 23:28:00Z" end-time="2020-01-09 23:28:00Z" duration="0.000500" asserts="0">
                    <properties>
                      <property name="Description" value=".3x^3 @ 1" />
                    </properties>
                    <output><![CDATA[
##utp:{"type":"TestStatus","time":1578612480507,"version":2,"phase":"Begin","processId":5764,"name":"UnityEngine.SimViz.Content.ContentTests.GeometryTests.SampleParamPoly3_ReturnsCorrectValuesForPoly3Inputs(UnityEngine.SimViz.Content.MapElements.Poly3Data,1,(0.9, 0.3),38.65137f)","state":0}

##utp:{"type":"TestStatus","time":1578612480509,"version":2,"phase":"End","processId":5764,"name":"UnityEngine.SimViz.Content.ContentTests.GeometryTests.SampleParamPoly3_ReturnsCorrectValuesForPoly3Inputs(UnityEngine.SimViz.Content.MapElements.Poly3Data,1,(0.9, 0.3),38.65137f)","state":4,"message":"","duration":0,"durationMicroseconds":500}
]]></output>
                  </test-case>
                  <test-case id="1084" name="SampleParamPoly3_ReturnsCorrectValuesForPoly3Inputs(UnityEngine.SimViz.Content.MapElements.Poly3Data,54.47684f,(3.0, 54.0),88.93909f)" fullname="UnityEngine.SimViz.Content.ContentTests.GeometryTests.SampleParamPoly3_ReturnsCorrectValuesForPoly3Inputs(UnityEngine.SimViz.Content.MapElements.Poly3Data,54.47684f,(3.0, 54.0),88.93909f)" methodname="SampleParamPoly3_ReturnsCorrectValuesForPoly3Inputs" classname="UnityEngine.SimViz.Content.ContentTests.GeometryTests" runstate="Runnable" seed="649512059" result="Passed" start-time="2020-01-09 23:28:00Z" end-time="2020-01-09 23:28:00Z" duration="0.003698" asserts="0">
                    <properties>
                      <property name="Description" value="2x^3 @ 3" />
                    </properties>
                    <output><![CDATA[
##utp:{"type":"TestStatus","time":1578612480509,"version":2,"phase":"Begin","processId":5764,"name":"UnityEngine.SimViz.Content.ContentTests.GeometryTests.SampleParamPoly3_ReturnsCorrectValuesForPoly3Inputs(UnityEngine.SimViz.Content.MapElements.Poly3Data,54.47684f,(3.0, 54.0),88.93909f)","state":0}

##utp:{"type":"TestStatus","time":1578612480514,"version":2,"phase":"End","processId":5764,"name":"UnityEngine.SimViz.Content.ContentTests.GeometryTests.SampleParamPoly3_ReturnsCorrectValuesForPoly3Inputs(UnityEngine.SimViz.Content.MapElements.Poly3Data,54.47684f,(3.0, 54.0),88.93909f)","state":4,"message":"","duration":4,"durationMicroseconds":3698}
]]></output>
                  </test-case>
                </test-suite>
                <test-suite type="ParameterizedMethod" id="1065" name="SamplePoly3_ReturnsCorrectValues" fullname="UnityEngine.SimViz.Content.ContentTests.GeometryTests.SamplePoly3_ReturnsCorrectValues" classname="UnityEngine.SimViz.Content.ContentTests.GeometryTests" runstate="Runnable" testcasecount="9" result="Passed" start-time="2020-01-09 23:28:00Z" end-time="2020-01-09 23:28:00Z" duration="0.024665" total="9" passed="9" failed="0" inconclusive="0" skipped="0" asserts="0">
                  <properties />
                  <test-case id="1056" name="SamplePoly3_ReturnsCorrectValues(UnityEngine.SimViz.Content.MapElements.Poly3Data,0.0f,(0.0, 0.0),0.0f)" fullname="UnityEngine.SimViz.Content.ContentTests.GeometryTests.SamplePoly3_ReturnsCorrectValues(UnityEngine.SimViz.Content.MapElements.Poly3Data,0.0f,(0.0, 0.0),0.0f)" methodname="SamplePoly3_ReturnsCorrectValues" classname="UnityEngine.SimViz.Content.ContentTests.GeometryTests" runstate="Runnable" seed="982634528" result="Passed" start-time="2020-01-09 23:28:00Z" end-time="2020-01-09 23:28:00Z" duration="0.001160" asserts="0">
                    <properties />
                    <output><![CDATA[
##utp:{"type":"TestStatus","time":1578612480536,"version":2,"phase":"Begin","processId":5764,"name":"UnityEngine.SimViz.Content.ContentTests.GeometryTests.SamplePoly3_ReturnsCorrectValues(UnityEngine.SimViz.Content.MapElements.Poly3Data,0.0f,(0.0, 0.0),0.0f)","state":0}

##utp:{"type":"TestStatus","time":1578612480538,"version":2,"phase":"End","processId":5764,"name":"UnityEngine.SimViz.Content.ContentTests.GeometryTests.SamplePoly3_ReturnsCorrectValues(UnityEngine.SimViz.Content.MapElements.Poly3Data,0.0f,(0.0, 0.0),0.0f)","state":4,"message":"","duration":1,"durationMicroseconds":1160}
]]></output>
                  </test-case>
                  <test-case id="1057" name="SamplePoly3_ReturnsCorrectValues(UnityEngine.SimViz.Content.MapElements.Poly3Data,0.5f,(0.5, 0.0),0.0f)" fullname="UnityEngine.SimViz.Content.ContentTests.GeometryTests.SamplePoly3_ReturnsCorrectValues(UnityEngine.SimViz.Content.MapElements.Poly3Data,0.5f,(0.5, 0.0),0.0f)" methodname="SamplePoly3_ReturnsCorrectValues" classname="UnityEngine.SimViz.Content.ContentTests.GeometryTests" runstate="Runnable" seed="1498522402" result="Passed" start-time="2020-01-09 23:28:00Z" end-time="2020-01-09 23:28:00Z" duration="0.000463" asserts="0">
                    <properties />
                    <output><![CDATA[
##utp:{"type":"TestStatus","time":1578612480539,"version":2,"phase":"Begin","processId":5764,"name":"UnityEngine.SimViz.Content.ContentTests.GeometryTests.SamplePoly3_ReturnsCorrectValues(UnityEngine.SimViz.Content.MapElements.Poly3Data,0.5f,(0.5, 0.0),0.0f)","state":0}

##utp:{"type":"TestStatus","time":1578612480540,"version":2,"phase":"End","processId":5764,"name":"UnityEngine.SimViz.Content.ContentTests.GeometryTests.SamplePoly3_ReturnsCorrectValues(UnityEngine.SimViz.Content.MapElements.Poly3Data,0.5f,(0.5, 0.0),0.0f)","state":4,"message":"","duration":0,"durationMicroseconds":463}
]]></output>
                  </test-case>
                  <test-case id="1058" name="SamplePoly3_ReturnsCorrectValues(UnityEngine.SimViz.Content.MapElements.Poly3Data,1,(1.0, 0.0),0.0f)" fullname="UnityEngine.SimViz.Content.ContentTests.GeometryTests.SamplePoly3_ReturnsCorrectValues(UnityEngine.SimViz.Content.MapElements.Poly3Data,1,(1.0, 0.0),0.0f)" methodname="SamplePoly3_ReturnsCorrectValues" classname="UnityEngine.SimViz.Content.ContentTests.GeometryTests" runstate="Runnable" seed="171114918" result="Passed" start-time="2020-01-09 23:28:00Z" end-time="2020-01-09 23:28:00Z" duration="0.000480" asserts="0">
                    <properties />
                    <output><![CDATA[
##utp:{"type":"TestStatus","time":1578612480540,"version":2,"phase":"Begin","processId":5764,"name":"UnityEngine.SimViz.Content.ContentTests.GeometryTests.SamplePoly3_ReturnsCorrectValues(UnityEngine.SimViz.Content.MapElements.Poly3Data,1,(1.0, 0.0),0.0f)","state":0}

##utp:{"type":"TestStatus","time":1578612480542,"version":2,"phase":"End","processId":5764,"name":"UnityEngine.SimViz.Content.ContentTests.GeometryTests.SamplePoly3_ReturnsCorrectValues(UnityEngine.SimViz.Content.MapElements.Poly3Data,1,(1.0, 0.0),0.0f)","state":4,"message":"","duration":0,"durationMicroseconds":480}
]]></output>
                  </test-case>
                  <test-case id="1059" name="SamplePoly3_ReturnsCorrectValues(UnityEngine.SimViz.Content.MapElements.Poly3Data,0.0f,(0.0, 1.0),0.0f)" fullname="UnityEngine.SimViz.Content.ContentTests.GeometryTests.SamplePoly3_ReturnsCorrectValues(UnityEngine.SimViz.Content.MapElements.Poly3Data,0.0f,(0.0, 1.0),0.0f)" methodname="SamplePoly3_ReturnsCorrectValues" classname="UnityEngine.SimViz.Content.ContentTests.GeometryTests" runstate="Runnable" seed="94625598" result="Passed" start-time="2020-01-09 23:28:00Z" end-time="2020-01-09 23:28:00Z" duration="0.000592" asserts="0">
                    <properties>
                      <property name="Description" value="Constant factor test #1" />
                    </properties>
                    <output><![CDATA[
##utp:{"type":"TestStatus","time":1578612480542,"version":2,"phase":"Begin","processId":5764,"name":"UnityEngine.SimViz.Content.ContentTests.GeometryTests.SamplePoly3_ReturnsCorrectValues(UnityEngine.SimViz.Content.MapElements.Poly3Data,0.0f,(0.0, 1.0),0.0f)","state":0}

##utp:{"type":"TestStatus","time":1578612480544,"version":2,"phase":"End","processId":5764,"name":"UnityEngine.SimViz.Content.ContentTests.GeometryTests.SamplePoly3_ReturnsCorrectValues(UnityEngine.SimViz.Content.MapElements.Poly3Data,0.0f,(0.0, 1.0),0.0f)","state":4,"message":"","duration":1,"durationMicroseconds":592}
]]></output>
                  </test-case>
                  <test-case id="1060" name="SamplePoly3_ReturnsCorrectValues(UnityEngine.SimViz.Content.MapElements.Poly3Data,0.0f,(0.0, -1.0),0.0f)" fullname="UnityEngine.SimViz.Content.ContentTests.GeometryTests.SamplePoly3_ReturnsCorrectValues(UnityEngine.SimViz.Content.MapElements.Poly3Data,0.0f,(0.0, -1.0),0.0f)" methodname="SamplePoly3_ReturnsCorrectValues" classname="UnityEngine.SimViz.Content.ContentTests.GeometryTests" runstate="Runnable" seed="589208558" result="Passed" start-time="2020-01-09 23:28:00Z" end-time="2020-01-09 23:28:00Z" duration="0.000448" asserts="0">
                    <properties>
                      <property name="Description" value="Constant factor test #2" />
                    </properties>
                    <output><![CDATA[
##utp:{"type":"TestStatus","time":1578612480544,"version":2,"phase":"Begin","processId":5764,"name":"UnityEngine.SimViz.Content.ContentTests.GeometryTests.SamplePoly3_ReturnsCorrectValues(UnityEngine.SimViz.Content.MapElements.Poly3Data,0.0f,(0.0, -1.0),0.0f)","state":0}

##utp:{"type":"TestStatus","time":1578612480546,"version":2,"phase":"End","processId":5764,"name":"UnityEngine.SimViz.Content.ContentTests.GeometryTests.SamplePoly3_ReturnsCorrectValues(UnityEngine.SimViz.Content.MapElements.Poly3Data,0.0f,(0.0, -1.0),0.0f)","state":4,"message":"","duration":0,"durationMicroseconds":448}
]]></output>
                  </test-case>
                  <test-case id="1061" name="SamplePoly3_ReturnsCorrectValues(UnityEngine.SimViz.Content.MapElements.Poly3Data,10.0f,(10.0, -1.0),0.0f)" fullname="UnityEngine.SimViz.Content.ContentTests.GeometryTests.SamplePoly3_ReturnsCorrectValues(UnityEngine.SimViz.Content.MapElements.Poly3Data,10.0f,(10.0, -1.0),0.0f)" methodname="SamplePoly3_ReturnsCorrectValues" classname="UnityEngine.SimViz.Content.ContentTests.GeometryTests" runstate="Runnable" seed="1200674562" result="Passed" start-time="2020-01-09 23:28:00Z" end-time="2020-01-09 23:28:00Z" duration="0.000517" asserts="0">
                    <properties>
                      <property name="Description" value="Constant factor test #3" />
                    </properties>
                    <output><![CDATA[
##utp:{"type":"TestStatus","time":1578612480546,"version":2,"phase":"Begin","processId":5764,"name":"UnityEngine.SimViz.Content.ContentTests.GeometryTests.SamplePoly3_ReturnsCorrectValues(UnityEngine.SimViz.Content.MapElements.Poly3Data,10.0f,(10.0, -1.0),0.0f)","state":0}

##utp:{"type":"TestStatus","time":1578612480548,"version":2,"phase":"End","processId":5764,"name":"UnityEngine.SimViz.Content.ContentTests.GeometryTests.SamplePoly3_ReturnsCorrectValues(UnityEngine.SimViz.Content.MapElements.Poly3Data,10.0f,(10.0, -1.0),0.0f)","state":4,"message":"","duration":1,"durationMicroseconds":517}
]]></output>
                  </test-case>
                  <test-case id="1062" name="SamplePoly3_ReturnsCorrectValues(UnityEngine.SimViz.Content.MapElements.Poly3Data,1,(1.0, 0.2),21.31946f)" fullname="UnityEngine.SimViz.Content.ContentTests.GeometryTests.SamplePoly3_ReturnsCorrectValues(UnityEngine.SimViz.Content.MapElements.Poly3Data,1,(1.0, 0.2),21.31946f)" methodname="SamplePoly3_ReturnsCorrectValues" classname="UnityEngine.SimViz.Content.ContentTests.GeometryTests" runstate="Runnable" seed="350846867" result="Passed" start-time="2020-01-09 23:28:00Z" end-time="2020-01-09 23:28:00Z" duration="0.000450" asserts="0">
                    <properties>
                      <property name="Description" value=".2x^2 @ 1" />
                    </properties>
                    <output><![CDATA[
##utp:{"type":"TestStatus","time":1578612480548,"version":2,"phase":"Begin","processId":5764,"name":"UnityEngine.SimViz.Content.ContentTests.GeometryTests.SamplePoly3_ReturnsCorrectValues(UnityEngine.SimViz.Content.MapElements.Poly3Data,1,(1.0, 0.2),21.31946f)","state":0}

##utp:{"type":"TestStatus","time":1578612480549,"version":2,"phase":"End","processId":5764,"name":"UnityEngine.SimViz.Content.ContentTests.GeometryTests.SamplePoly3_ReturnsCorrectValues(UnityEngine.SimViz.Content.MapElements.Poly3Data,1,(1.0, 0.2),21.31946f)","state":4,"message":"","duration":0,"durationMicroseconds":450}
]]></output>
                  </test-case>
                  <test-case id="1063" name="SamplePoly3_ReturnsCorrectValues(UnityEngine.SimViz.Content.MapElements.Poly3Data,1,(0.9, 0.3),38.65137f)" fullname="UnityEngine.SimViz.Content.ContentTests.GeometryTests.SamplePoly3_ReturnsCorrectValues(UnityEngine.SimViz.Content.MapElements.Poly3Data,1,(0.9, 0.3),38.65137f)" methodname="SamplePoly3_ReturnsCorrectValues" classname="UnityEngine.SimViz.Content.ContentTests.GeometryTests" runstate="Runnable" seed="1841030460" result="Passed" start-time="2020-01-09 23:28:00Z" end-time="2020-01-09 23:28:00Z" duration="0.000454" asserts="0">
                    <properties>
                      <property name="Description" value=".3x^3 @ 1" />
                    </properties>
                    <output><![CDATA[
##utp:{"type":"TestStatus","time":1578612480550,"version":2,"phase":"Begin","processId":5764,"name":"UnityEngine.SimViz.Content.ContentTests.GeometryTests.SamplePoly3_ReturnsCorrectValues(UnityEngine.SimViz.Content.MapElements.Poly3Data,1,(0.9, 0.3),38.65137f)","state":0}

##utp:{"type":"TestStatus","time":1578612480551,"version":2,"phase":"End","processId":5764,"name":"UnityEngine.SimViz.Content.ContentTests.GeometryTests.SamplePoly3_ReturnsCorrectValues(UnityEngine.SimViz.Content.MapElements.Poly3Data,1,(0.9, 0.3),38.65137f)","state":4,"message":"","duration":0,"durationMicroseconds":454}
]]></output>
                  </test-case>
                  <test-case id="1064" name="SamplePoly3_ReturnsCorrectValues(UnityEngine.SimViz.Content.MapElements.Poly3Data,54.47684f,(3.0, 54.0),88.93909f)" fullname="UnityEngine.SimViz.Content.ContentTests.GeometryTests.SamplePoly3_ReturnsCorrectValues(UnityEngine.SimViz.Content.MapElements.Poly3Data,54.47684f,(3.0, 54.0),88.93909f)" methodname="SamplePoly3_ReturnsCorrectValues" classname="UnityEngine.SimViz.Content.ContentTests.GeometryTests" runstate="Runnable" seed="1038063158" result="Passed" start-time="2020-01-09 23:28:00Z" end-time="2020-01-09 23:28:00Z" duration="0.000941" asserts="0">
                    <properties>
                      <property name="Description" value="2x^3 @ 3" />
                    </properties>
                    <output><![CDATA[
##utp:{"type":"TestStatus","time":1578612480551,"version":2,"phase":"Begin","processId":5764,"name":"UnityEngine.SimViz.Content.ContentTests.GeometryTests.SamplePoly3_ReturnsCorrectValues(UnityEngine.SimViz.Content.MapElements.Poly3Data,54.47684f,(3.0, 54.0),88.93909f)","state":0}

##utp:{"type":"TestStatus","time":1578612480553,"version":2,"phase":"End","processId":5764,"name":"UnityEngine.SimViz.Content.ContentTests.GeometryTests.SamplePoly3_ReturnsCorrectValues(UnityEngine.SimViz.Content.MapElements.Poly3Data,54.47684f,(3.0, 54.0),88.93909f)","state":4,"message":"","duration":1,"durationMicroseconds":941}
]]></output>
                  </test-case>
                </test-suite>
                <test-suite type="ParameterizedMethod" id="1075" name="SamplePoly3_WithInitialPose_ReturnsCorrectValues" fullname="UnityEngine.SimViz.Content.ContentTests.GeometryTests.SamplePoly3_WithInitialPose_ReturnsCorrectValues" classname="UnityEngine.SimViz.Content.ContentTests.GeometryTests" runstate="Runnable" testcasecount="9" result="Passed" start-time="2020-01-09 23:28:00Z" end-time="2020-01-09 23:28:00Z" duration="0.026345" total="9" passed="9" failed="0" inconclusive="0" skipped="0" asserts="0">
                  <properties />
                  <test-case id="1066" name="SamplePoly3_WithInitialPose_ReturnsCorrectValues(UnityEngine.SimViz.Content.MapElements.Poly3Data,0.0f,(0.0, 0.0),0.0f)" fullname="UnityEngine.SimViz.Content.ContentTests.GeometryTests.SamplePoly3_WithInitialPose_ReturnsCorrectValues(UnityEngine.SimViz.Content.MapElements.Poly3Data,0.0f,(0.0, 0.0),0.0f)" methodname="SamplePoly3_WithInitialPose_ReturnsCorrectValues" classname="UnityEngine.SimViz.Content.ContentTests.GeometryTests" runstate="Runnable" seed="1998369080" result="Passed" start-time="2020-01-09 23:28:00Z" end-time="2020-01-09 23:28:00Z" duration="0.001037" asserts="0">
                    <properties />
                    <output><![CDATA[
##utp:{"type":"TestStatus","time":1578612480575,"version":2,"phase":"Begin","processId":5764,"name":"UnityEngine.SimViz.Content.ContentTests.GeometryTests.SamplePoly3_WithInitialPose_ReturnsCorrectValues(UnityEngine.SimViz.Content.MapElements.Poly3Data,0.0f,(0.0, 0.0),0.0f)","state":0}

##utp:{"type":"TestStatus","time":1578612480578,"version":2,"phase":"End","processId":5764,"name":"UnityEngine.SimViz.Content.ContentTests.GeometryTests.SamplePoly3_WithInitialPose_ReturnsCorrectValues(UnityEngine.SimViz.Content.MapElements.Poly3Data,0.0f,(0.0, 0.0),0.0f)","state":4,"message":"","duration":1,"durationMicroseconds":1037}
]]></output>
                  </test-case>
                  <test-case id="1067" name="SamplePoly3_WithInitialPose_ReturnsCorrectValues(UnityEngine.SimViz.Content.MapElements.Poly3Data,0.5f,(0.5, 0.0),0.0f)" fullname="UnityEngine.SimViz.Content.ContentTests.GeometryTests.SamplePoly3_WithInitialPose_ReturnsCorrectValues(UnityEngine.SimViz.Content.MapElements.Poly3Data,0.5f,(0.5, 0.0),0.0f)" methodname="SamplePoly3_WithInitialPose_ReturnsCorrectValues" classname="UnityEngine.SimViz.Content.ContentTests.GeometryTests" runstate="Runnable" seed="1363295092" result="Passed" start-time="2020-01-09 23:28:00Z" end-time="2020-01-09 23:28:00Z" duration="0.000526" asserts="0">
                    <properties />
                    <output><![CDATA[
##utp:{"type":"TestStatus","time":1578612480578,"version":2,"phase":"Begin","processId":5764,"name":"UnityEngine.SimViz.Content.ContentTests.GeometryTests.SamplePoly3_WithInitialPose_ReturnsCorrectValues(UnityEngine.SimViz.Content.MapElements.Poly3Data,0.5f,(0.5, 0.0),0.0f)","state":0}

##utp:{"type":"TestStatus","time":1578612480580,"version":2,"phase":"End","processId":5764,"name":"UnityEngine.SimViz.Content.ContentTests.GeometryTests.SamplePoly3_WithInitialPose_ReturnsCorrectValues(UnityEngine.SimViz.Content.MapElements.Poly3Data,0.5f,(0.5, 0.0),0.0f)","state":4,"message":"","duration":1,"durationMicroseconds":526}
]]></output>
                  </test-case>
                  <test-case id="1068" name="SamplePoly3_WithInitialPose_ReturnsCorrectValues(UnityEngine.SimViz.Content.MapElements.Poly3Data,1,(1.0, 0.0),0.0f)" fullname="UnityEngine.SimViz.Content.ContentTests.GeometryTests.SamplePoly3_WithInitialPose_ReturnsCorrectValues(UnityEngine.SimViz.Content.MapElements.Poly3Data,1,(1.0, 0.0),0.0f)" methodname="SamplePoly3_WithInitialPose_ReturnsCorrectValues" classname="UnityEngine.SimViz.Content.ContentTests.GeometryTests" runstate="Runnable" seed="1625476090" result="Passed" start-time="2020-01-09 23:28:00Z" end-time="2020-01-09 23:28:00Z" duration="0.000520" asserts="0">
                    <properties />
                    <output><![CDATA[
##utp:{"type":"TestStatus","time":1578612480580,"version":2,"phase":"Begin","processId":5764,"name":"UnityEngine.SimViz.Content.ContentTests.GeometryTests.SamplePoly3_WithInitialPose_ReturnsCorrectValues(UnityEngine.SimViz.Content.MapElements.Poly3Data,1,(1.0, 0.0),0.0f)","state":0}

##utp:{"type":"TestStatus","time":1578612480582,"version":2,"phase":"End","processId":5764,"name":"UnityEngine.SimViz.Content.ContentTests.GeometryTests.SamplePoly3_WithInitialPose_ReturnsCorrectValues(UnityEngine.SimViz.Content.MapElements.Poly3Data,1,(1.0, 0.0),0.0f)","state":4,"message":"","duration":1,"durationMicroseconds":520}
]]></output>
                  </test-case>
                  <test-case id="1069" name="SamplePoly3_WithInitialPose_ReturnsCorrectValues(UnityEngine.SimViz.Content.MapElements.Poly3Data,0.0f,(0.0, 1.0),0.0f)" fullname="UnityEngine.SimViz.Content.ContentTests.GeometryTests.SamplePoly3_WithInitialPose_ReturnsCorrectValues(UnityEngine.SimViz.Content.MapElements.Poly3Data,0.0f,(0.0, 1.0),0.0f)" methodname="SamplePoly3_WithInitialPose_ReturnsCorrectValues" classname="UnityEngine.SimViz.Content.ContentTests.GeometryTests" runstate="Runnable" seed="1982753173" result="Passed" start-time="2020-01-09 23:28:00Z" end-time="2020-01-09 23:28:00Z" duration="0.000513" asserts="0">
                    <properties>
                      <property name="Description" value="Constant factor test #1" />
                    </properties>
                    <output><![CDATA[
##utp:{"type":"TestStatus","time":1578612480582,"version":2,"phase":"Begin","processId":5764,"name":"UnityEngine.SimViz.Content.ContentTests.GeometryTests.SamplePoly3_WithInitialPose_ReturnsCorrectValues(UnityEngine.SimViz.Content.MapElements.Poly3Data,0.0f,(0.0, 1.0),0.0f)","state":0}

##utp:{"type":"TestStatus","time":1578612480584,"version":2,"phase":"End","processId":5764,"name":"UnityEngine.SimViz.Content.ContentTests.GeometryTests.SamplePoly3_WithInitialPose_ReturnsCorrectValues(UnityEngine.SimViz.Content.MapElements.Poly3Data,0.0f,(0.0, 1.0),0.0f)","state":4,"message":"","duration":1,"durationMicroseconds":513}
]]></output>
                  </test-case>
                  <test-case id="1070" name="SamplePoly3_WithInitialPose_ReturnsCorrectValues(UnityEngine.SimViz.Content.MapElements.Poly3Data,0.0f,(0.0, -1.0),0.0f)" fullname="UnityEngine.SimViz.Content.ContentTests.GeometryTests.SamplePoly3_WithInitialPose_ReturnsCorrectValues(UnityEngine.SimViz.Content.MapElements.Poly3Data,0.0f,(0.0, -1.0),0.0f)" methodname="SamplePoly3_WithInitialPose_ReturnsCorrectValues" classname="UnityEngine.SimViz.Content.ContentTests.GeometryTests" runstate="Runnable" seed="399127738" result="Passed" start-time="2020-01-09 23:28:00Z" end-time="2020-01-09 23:28:00Z" duration="0.000557" asserts="0">
                    <properties>
                      <property name="Description" value="Constant factor test #2" />
                    </properties>
                    <output><![CDATA[
##utp:{"type":"TestStatus","time":1578612480584,"version":2,"phase":"Begin","processId":5764,"name":"UnityEngine.SimViz.Content.ContentTests.GeometryTests.SamplePoly3_WithInitialPose_ReturnsCorrectValues(UnityEngine.SimViz.Content.MapElements.Poly3Data,0.0f,(0.0, -1.0),0.0f)","state":0}

##utp:{"type":"TestStatus","time":1578612480586,"version":2,"phase":"End","processId":5764,"name":"UnityEngine.SimViz.Content.ContentTests.GeometryTests.SamplePoly3_WithInitialPose_ReturnsCorrectValues(UnityEngine.SimViz.Content.MapElements.Poly3Data,0.0f,(0.0, -1.0),0.0f)","state":4,"message":"","duration":1,"durationMicroseconds":557}
]]></output>
                  </test-case>
                  <test-case id="1071" name="SamplePoly3_WithInitialPose_ReturnsCorrectValues(UnityEngine.SimViz.Content.MapElements.Poly3Data,10.0f,(10.0, -1.0),0.0f)" fullname="UnityEngine.SimViz.Content.ContentTests.GeometryTests.SamplePoly3_WithInitialPose_ReturnsCorrectValues(UnityEngine.SimViz.Content.MapElements.Poly3Data,10.0f,(10.0, -1.0),0.0f)" methodname="SamplePoly3_WithInitialPose_ReturnsCorrectValues" classname="UnityEngine.SimViz.Content.ContentTests.GeometryTests" runstate="Runnable" seed="1306611424" result="Passed" start-time="2020-01-09 23:28:00Z" end-time="2020-01-09 23:28:00Z" duration="0.000547" asserts="0">
                    <properties>
                      <property name="Description" value="Constant factor test #3" />
                    </properties>
                    <output><![CDATA[
##utp:{"type":"TestStatus","time":1578612480586,"version":2,"phase":"Begin","processId":5764,"name":"UnityEngine.SimViz.Content.ContentTests.GeometryTests.SamplePoly3_WithInitialPose_ReturnsCorrectValues(UnityEngine.SimViz.Content.MapElements.Poly3Data,10.0f,(10.0, -1.0),0.0f)","state":0}

##utp:{"type":"TestStatus","time":1578612480588,"version":2,"phase":"End","processId":5764,"name":"UnityEngine.SimViz.Content.ContentTests.GeometryTests.SamplePoly3_WithInitialPose_ReturnsCorrectValues(UnityEngine.SimViz.Content.MapElements.Poly3Data,10.0f,(10.0, -1.0),0.0f)","state":4,"message":"","duration":1,"durationMicroseconds":547}
]]></output>
                  </test-case>
                  <test-case id="1072" name="SamplePoly3_WithInitialPose_ReturnsCorrectValues(UnityEngine.SimViz.Content.MapElements.Poly3Data,1,(1.0, 0.2),21.31946f)" fullname="UnityEngine.SimViz.Content.ContentTests.GeometryTests.SamplePoly3_WithInitialPose_ReturnsCorrectValues(UnityEngine.SimViz.Content.MapElements.Poly3Data,1,(1.0, 0.2),21.31946f)" methodname="SamplePoly3_WithInitialPose_ReturnsCorrectValues" classname="UnityEngine.SimViz.Content.ContentTests.GeometryTests" runstate="Runnable" seed="862094149" result="Passed" start-time="2020-01-09 23:28:00Z" end-time="2020-01-09 23:28:00Z" duration="0.000459" asserts="0">
                    <properties>
                      <property name="Description" value=".2x^2 @ 1" />
                    </properties>
                    <output><![CDATA[
##utp:{"type":"TestStatus","time":1578612480588,"version":2,"phase":"Begin","processId":5764,"name":"UnityEngine.SimViz.Content.ContentTests.GeometryTests.SamplePoly3_WithInitialPose_ReturnsCorrectValues(UnityEngine.SimViz.Content.MapElements.Poly3Data,1,(1.0, 0.2),21.31946f)","state":0}

##utp:{"type":"TestStatus","time":1578612480590,"version":2,"phase":"End","processId":5764,"name":"UnityEngine.SimViz.Content.ContentTests.GeometryTests.SamplePoly3_WithInitialPose_ReturnsCorrectValues(UnityEngine.SimViz.Content.MapElements.Poly3Data,1,(1.0, 0.2),21.31946f)","state":4,"message":"","duration":0,"durationMicroseconds":459}
]]></output>
                  </test-case>
                  <test-case id="1073" name="SamplePoly3_WithInitialPose_ReturnsCorrectValues(UnityEngine.SimViz.Content.MapElements.Poly3Data,1,(0.9, 0.3),38.65137f)" fullname="UnityEngine.SimViz.Content.ContentTests.GeometryTests.SamplePoly3_WithInitialPose_ReturnsCorrectValues(UnityEngine.SimViz.Content.MapElements.Poly3Data,1,(0.9, 0.3),38.65137f)" methodname="SamplePoly3_WithInitialPose_ReturnsCorrectValues" classname="UnityEngine.SimViz.Content.ContentTests.GeometryTests" runstate="Runnable" seed="1951160443" result="Passed" start-time="2020-01-09 23:28:00Z" end-time="2020-01-09 23:28:00Z" duration="0.000446" asserts="0">
                    <properties>
                      <property name="Description" value=".3x^3 @ 1" />
                    </properties>
                    <output><![CDATA[
##utp:{"type":"TestStatus","time":1578612480590,"version":2,"phase":"Begin","processId":5764,"name":"UnityEngine.SimViz.Content.ContentTests.GeometryTests.SamplePoly3_WithInitialPose_ReturnsCorrectValues(UnityEngine.SimViz.Content.MapElements.Poly3Data,1,(0.9, 0.3),38.65137f)","state":0}

##utp:{"type":"TestStatus","time":1578612480592,"version":2,"phase":"End","processId":5764,"name":"UnityEngine.SimViz.Content.ContentTests.GeometryTests.SamplePoly3_WithInitialPose_ReturnsCorrectValues(UnityEngine.SimViz.Content.MapElements.Poly3Data,1,(0.9, 0.3),38.65137f)","state":4,"message":"","duration":0,"durationMicroseconds":446}
]]></output>
                  </test-case>
                  <test-case id="1074" name="SamplePoly3_WithInitialPose_ReturnsCorrectValues(UnityEngine.SimViz.Content.MapElements.Poly3Data,54.47684f,(3.0, 54.0),88.93909f)" fullname="UnityEngine.SimViz.Content.ContentTests.GeometryTests.SamplePoly3_WithInitialPose_ReturnsCorrectValues(UnityEngine.SimViz.Content.MapElements.Poly3Data,54.47684f,(3.0, 54.0),88.93909f)" methodname="SamplePoly3_WithInitialPose_ReturnsCorrectValues" classname="UnityEngine.SimViz.Content.ContentTests.GeometryTests" runstate="Runnable" seed="293060043" result="Passed" start-time="2020-01-09 23:28:00Z" end-time="2020-01-09 23:28:00Z" duration="0.000790" asserts="0">
                    <properties>
                      <property name="Description" value="2x^3 @ 3" />
                    </properties>
                    <output><![CDATA[
##utp:{"type":"TestStatus","time":1578612480592,"version":2,"phase":"Begin","processId":5764,"name":"UnityEngine.SimViz.Content.ContentTests.GeometryTests.SamplePoly3_WithInitialPose_ReturnsCorrectValues(UnityEngine.SimViz.Content.MapElements.Poly3Data,54.47684f,(3.0, 54.0),88.93909f)","state":0}

##utp:{"type":"TestStatus","time":1578612480594,"version":2,"phase":"End","processId":5764,"name":"UnityEngine.SimViz.Content.ContentTests.GeometryTests.SamplePoly3_WithInitialPose_ReturnsCorrectValues(UnityEngine.SimViz.Content.MapElements.Poly3Data,54.47684f,(3.0, 54.0),88.93909f)","state":4,"message":"","duration":1,"durationMicroseconds":790}
]]></output>
                  </test-case>
                </test-suite>
                <test-suite type="ParameterizedMethod" id="1047" name="SampleSpiral_WithConstantCurvature_ReturnsSameAsArc" fullname="UnityEngine.SimViz.Content.ContentTests.GeometryTests.SampleSpiral_WithConstantCurvature_ReturnsSameAsArc" classname="UnityEngine.SimViz.Content.ContentTests.GeometryTests" runstate="Runnable" testcasecount="7" result="Passed" start-time="2020-01-09 23:28:00Z" end-time="2020-01-09 23:28:00Z" duration="0.020275" total="7" passed="7" failed="0" inconclusive="0" skipped="0" asserts="0">
                  <properties />
                  <test-case id="1040" name="SampleSpiral_WithConstantCurvature_ReturnsSameAsArc(0,0,0,0,0)" fullname="UnityEngine.SimViz.Content.ContentTests.GeometryTests.SampleSpiral_WithConstantCurvature_ReturnsSameAsArc(0,0,0,0,0)" methodname="SampleSpiral_WithConstantCurvature_ReturnsSameAsArc" classname="UnityEngine.SimViz.Content.ContentTests.GeometryTests" runstate="Runnable" seed="2113445432" result="Passed" start-time="2020-01-09 23:28:00Z" end-time="2020-01-09 23:28:00Z" duration="0.001260" asserts="0">
                    <properties />
                    <output><![CDATA[
##utp:{"type":"TestStatus","time":1578612480617,"version":2,"phase":"Begin","processId":5764,"name":"UnityEngine.SimViz.Content.ContentTests.GeometryTests.SampleSpiral_WithConstantCurvature_ReturnsSameAsArc(0,0,0,0,0)","state":0}

##utp:{"type":"TestStatus","time":1578612480619,"version":2,"phase":"End","processId":5764,"name":"UnityEngine.SimViz.Content.ContentTests.GeometryTests.SampleSpiral_WithConstantCurvature_ReturnsSameAsArc(0,0,0,0,0)","state":4,"message":"","duration":1,"durationMicroseconds":1260}
]]></output>
                  </test-case>
                  <test-case id="1041" name="SampleSpiral_WithConstantCurvature_ReturnsSameAsArc(1,0,0,0,0)" fullname="UnityEngine.SimViz.Content.ContentTests.GeometryTests.SampleSpiral_WithConstantCurvature_ReturnsSameAsArc(1,0,0,0,0)" methodname="SampleSpiral_WithConstantCurvature_ReturnsSameAsArc" classname="UnityEngine.SimViz.Content.ContentTests.GeometryTests" runstate="Runnable" seed="474909328" result="Passed" start-time="2020-01-09 23:28:00Z" end-time="2020-01-09 23:28:00Z" duration="0.000537" asserts="0">
                    <properties />
                    <output><![CDATA[
##utp:{"type":"TestStatus","time":1578612480620,"version":2,"phase":"Begin","processId":5764,"name":"UnityEngine.SimViz.Content.ContentTests.GeometryTests.SampleSpiral_WithConstantCurvature_ReturnsSameAsArc(1,0,0,0,0)","state":0}

##utp:{"type":"TestStatus","time":1578612480621,"version":2,"phase":"End","processId":5764,"name":"UnityEngine.SimViz.Content.ContentTests.GeometryTests.SampleSpiral_WithConstantCurvature_ReturnsSameAsArc(1,0,0,0,0)","state":4,"message":"","duration":1,"durationMicroseconds":537}
]]></output>
                  </test-case>
                  <test-case id="1042" name="SampleSpiral_WithConstantCurvature_ReturnsSameAsArc(-1,0,0,0,0)" fullname="UnityEngine.SimViz.Content.ContentTests.GeometryTests.SampleSpiral_WithConstantCurvature_ReturnsSameAsArc(-1,0,0,0,0)" methodname="SampleSpiral_WithConstantCurvature_ReturnsSameAsArc" classname="UnityEngine.SimViz.Content.ContentTests.GeometryTests" runstate="Runnable" seed="1467247902" result="Passed" start-time="2020-01-09 23:28:00Z" end-time="2020-01-09 23:28:00Z" duration="0.000504" asserts="0">
                    <properties />
                    <output><![CDATA[
##utp:{"type":"TestStatus","time":1578612480622,"version":2,"phase":"Begin","processId":5764,"name":"UnityEngine.SimViz.Content.ContentTests.GeometryTests.SampleSpiral_WithConstantCurvature_ReturnsSameAsArc(-1,0,0,0,0)","state":0}

##utp:{"type":"TestStatus","time":1578612480623,"version":2,"phase":"End","processId":5764,"name":"UnityEngine.SimViz.Content.ContentTests.GeometryTests.SampleSpiral_WithConstantCurvature_ReturnsSameAsArc(-1,0,0,0,0)","state":4,"message":"","duration":1,"durationMicroseconds":504}
]]></output>
                  </test-case>
                  <test-case id="1043" name="SampleSpiral_WithConstantCurvature_ReturnsSameAsArc(1,3.141593f,0,2,180)" fullname="UnityEngine.SimViz.Content.ContentTests.GeometryTests.SampleSpiral_WithConstantCurvature_ReturnsSameAsArc(1,3.141593f,0,2,180)" methodname="SampleSpiral_WithConstantCurvature_ReturnsSameAsArc" classname="UnityEngine.SimViz.Content.ContentTests.GeometryTests" runstate="Runnable" seed="680013033" result="Passed" start-time="2020-01-09 23:28:00Z" end-time="2020-01-09 23:28:00Z" duration="0.000511" asserts="0">
                    <properties />
                    <output><![CDATA[
##utp:{"type":"TestStatus","time":1578612480623,"version":2,"phase":"Begin","processId":5764,"name":"UnityEngine.SimViz.Content.ContentTests.GeometryTests.SampleSpiral_WithConstantCurvature_ReturnsSameAsArc(1,3.141593f,0,2,180)","state":0}

##utp:{"type":"TestStatus","time":1578612480625,"version":2,"phase":"End","processId":5764,"name":"UnityEngine.SimViz.Content.ContentTests.GeometryTests.SampleSpiral_WithConstantCurvature_ReturnsSameAsArc(1,3.141593f,0,2,180)","state":4,"message":"","duration":1,"durationMicroseconds":511}
]]></output>
                  </test-case>
                  <test-case id="1044" name="SampleSpiral_WithConstantCurvature_ReturnsSameAsArc(-1,3.141593f,0,-2,180)" fullname="UnityEngine.SimViz.Content.ContentTests.GeometryTests.SampleSpiral_WithConstantCurvature_ReturnsSameAsArc(-1,3.141593f,0,-2,180)" methodname="SampleSpiral_WithConstantCurvature_ReturnsSameAsArc" classname="UnityEngine.SimViz.Content.ContentTests.GeometryTests" runstate="Runnable" seed="1915909487" result="Passed" start-time="2020-01-09 23:28:00Z" end-time="2020-01-09 23:28:00Z" duration="0.000529" asserts="0">
                    <properties />
                    <output><![CDATA[
##utp:{"type":"TestStatus","time":1578612480625,"version":2,"phase":"Begin","processId":5764,"name":"UnityEngine.SimViz.Content.ContentTests.GeometryTests.SampleSpiral_WithConstantCurvature_ReturnsSameAsArc(-1,3.141593f,0,-2,180)","state":0}

##utp:{"type":"TestStatus","time":1578612480627,"version":2,"phase":"End","processId":5764,"name":"UnityEngine.SimViz.Content.ContentTests.GeometryTests.SampleSpiral_WithConstantCurvature_ReturnsSameAsArc(-1,3.141593f,0,-2,180)","state":4,"message":"","duration":1,"durationMicroseconds":529}
]]></output>
                  </test-case>
                  <test-case id="1045" name="SampleSpiral_WithConstantCurvature_ReturnsSameAsArc(2,3.141593f,0,0,0)" fullname="UnityEngine.SimViz.Content.ContentTests.GeometryTests.SampleSpiral_WithConstantCurvature_ReturnsSameAsArc(2,3.141593f,0,0,0)" methodname="SampleSpiral_WithConstantCurvature_ReturnsSameAsArc" classname="UnityEngine.SimViz.Content.ContentTests.GeometryTests" runstate="Runnable" seed="2118197613" result="Passed" start-time="2020-01-09 23:28:00Z" end-time="2020-01-09 23:28:00Z" duration="0.000533" asserts="0">
                    <properties />
                    <output><![CDATA[
##utp:{"type":"TestStatus","time":1578612480627,"version":2,"phase":"Begin","processId":5764,"name":"UnityEngine.SimViz.Content.ContentTests.GeometryTests.SampleSpiral_WithConstantCurvature_ReturnsSameAsArc(2,3.141593f,0,0,0)","state":0}

##utp:{"type":"TestStatus","time":1578612480629,"version":2,"phase":"End","processId":5764,"name":"UnityEngine.SimViz.Content.ContentTests.GeometryTests.SampleSpiral_WithConstantCurvature_ReturnsSameAsArc(2,3.141593f,0,0,0)","state":4,"message":"","duration":1,"durationMicroseconds":533}
]]></output>
                  </test-case>
                  <test-case id="1046" name="SampleSpiral_WithConstantCurvature_ReturnsSameAsArc(0.5f,3.141593f,2,2,90)" fullname="UnityEngine.SimViz.Content.ContentTests.GeometryTests.SampleSpiral_WithConstantCurvature_ReturnsSameAsArc(0.5f,3.141593f,2,2,90)" methodname="SampleSpiral_WithConstantCurvature_ReturnsSameAsArc" classname="UnityEngine.SimViz.Content.ContentTests.GeometryTests" runstate="Runnable" seed="482278137" result="Passed" start-time="2020-01-09 23:28:00Z" end-time="2020-01-09 23:28:00Z" duration="0.000527" asserts="0">
                    <properties />
                    <output><![CDATA[
##utp:{"type":"TestStatus","time":1578612480629,"version":2,"phase":"Begin","processId":5764,"name":"UnityEngine.SimViz.Content.ContentTests.GeometryTests.SampleSpiral_WithConstantCurvature_ReturnsSameAsArc(0.5f,3.141593f,2,2,90)","state":0}

##utp:{"type":"TestStatus","time":1578612480630,"version":2,"phase":"End","processId":5764,"name":"UnityEngine.SimViz.Content.ContentTests.GeometryTests.SampleSpiral_WithConstantCurvature_ReturnsSameAsArc(0.5f,3.141593f,2,2,90)","state":4,"message":"","duration":1,"durationMicroseconds":527}
]]></output>
                  </test-case>
                </test-suite>
                <test-case id="1048" name="SampleSpiral_WithInitialHeading_ReturnsCorrectValues" fullname="UnityEngine.SimViz.Content.ContentTests.GeometryTests.SampleSpiral_WithInitialHeading_ReturnsCorrectValues" methodname="SampleSpiral_WithInitialHeading_ReturnsCorrectValues" classname="UnityEngine.SimViz.Content.ContentTests.GeometryTests" runstate="Runnable" seed="264501910" result="Passed" start-time="2020-01-09 23:28:00Z" end-time="2020-01-09 23:28:00Z" duration="0.001670" asserts="0">
                  <properties />
                  <output><![CDATA[
##utp:{"type":"TestStatus","time":1578612480641,"version":2,"phase":"Begin","processId":5764,"name":"UnityEngine.SimViz.Content.ContentTests.GeometryTests.SampleSpiral_WithInitialHeading_ReturnsCorrectValues","state":0}

##utp:{"type":"TestStatus","time":1578612480644,"version":2,"phase":"End","processId":5764,"name":"UnityEngine.SimViz.Content.ContentTests.GeometryTests.SampleSpiral_WithInitialHeading_ReturnsCorrectValues","state":4,"message":"","duration":2,"durationMicroseconds":1670}
]]></output>
                </test-case>
                <test-case id="1049" name="SampleSpiral_WithNegativeCurvature_ReturnsCorrectValues" fullname="UnityEngine.SimViz.Content.ContentTests.GeometryTests.SampleSpiral_WithNegativeCurvature_ReturnsCorrectValues" methodname="SampleSpiral_WithNegativeCurvature_ReturnsCorrectValues" classname="UnityEngine.SimViz.Content.ContentTests.GeometryTests" runstate="Runnable" seed="1305305" result="Passed" start-time="2020-01-09 23:28:00Z" end-time="2020-01-09 23:28:00Z" duration="0.000735" asserts="0">
                  <properties />
                  <output><![CDATA[
##utp:{"type":"TestStatus","time":1578612480644,"version":2,"phase":"Begin","processId":5764,"name":"UnityEngine.SimViz.Content.ContentTests.GeometryTests.SampleSpiral_WithNegativeCurvature_ReturnsCorrectValues","state":0}

##utp:{"type":"TestStatus","time":1578612480646,"version":2,"phase":"End","processId":5764,"name":"UnityEngine.SimViz.Content.ContentTests.GeometryTests.SampleSpiral_WithNegativeCurvature_ReturnsCorrectValues","state":4,"message":"","duration":1,"durationMicroseconds":735}
]]></output>
                </test-case>
                <test-case id="1050" name="SampleSpiral_WithNegativeToPositiveCurvature_ReturnsCorrectValues" fullname="UnityEngine.SimViz.Content.ContentTests.GeometryTests.SampleSpiral_WithNegativeToPositiveCurvature_ReturnsCorrectValues" methodname="SampleSpiral_WithNegativeToPositiveCurvature_ReturnsCorrectValues" classname="UnityEngine.SimViz.Content.ContentTests.GeometryTests" runstate="Runnable" seed="1169914846" result="Passed" start-time="2020-01-09 23:28:00Z" end-time="2020-01-09 23:28:00Z" duration="0.000697" asserts="0">
                  <properties />
                  <output><![CDATA[
##utp:{"type":"TestStatus","time":1578612480646,"version":2,"phase":"Begin","processId":5764,"name":"UnityEngine.SimViz.Content.ContentTests.GeometryTests.SampleSpiral_WithNegativeToPositiveCurvature_ReturnsCorrectValues","state":0}

##utp:{"type":"TestStatus","time":1578612480648,"version":2,"phase":"End","processId":5764,"name":"UnityEngine.SimViz.Content.ContentTests.GeometryTests.SampleSpiral_WithNegativeToPositiveCurvature_ReturnsCorrectValues","state":4,"message":"","duration":1,"durationMicroseconds":697}
]]></output>
                </test-case>
                <test-suite type="ParameterizedMethod" id="1055" name="SampleSpiral_WithPositiveToNegativeCurvature_ReturnsCorrectValues" fullname="UnityEngine.SimViz.Content.ContentTests.GeometryTests.SampleSpiral_WithPositiveToNegativeCurvature_ReturnsCorrectValues" classname="UnityEngine.SimViz.Content.ContentTests.GeometryTests" runstate="Runnable" testcasecount="4" result="Passed" start-time="2020-01-09 23:28:00Z" end-time="2020-01-09 23:28:00Z" duration="0.014430" total="4" passed="4" failed="0" inconclusive="0" skipped="0" asserts="0">
                  <properties />
                  <test-case id="1051" name="SampleSpiral_WithPositiveToNegativeCurvature_ReturnsCorrectValues(0,0,0,0)" fullname="UnityEngine.SimViz.Content.ContentTests.GeometryTests.SampleSpiral_WithPositiveToNegativeCurvature_ReturnsCorrectValues(0,0,0,0)" methodname="SampleSpiral_WithPositiveToNegativeCurvature_ReturnsCorrectValues" classname="UnityEngine.SimViz.Content.ContentTests.GeometryTests" runstate="Runnable" seed="1638685514" result="Passed" start-time="2020-01-09 23:28:00Z" end-time="2020-01-09 23:28:00Z" duration="0.000943" asserts="0">
                    <properties>
                      <property name="Description" value="S=zero should be at the origin" />
                    </properties>
                    <output><![CDATA[
##utp:{"type":"TestStatus","time":1578612480654,"version":2,"phase":"Begin","processId":5764,"name":"UnityEngine.SimViz.Content.ContentTests.GeometryTests.SampleSpiral_WithPositiveToNegativeCurvature_ReturnsCorrectValues(0,0,0,0)","state":0}

##utp:{"type":"TestStatus","time":1578612480656,"version":2,"phase":"End","processId":5764,"name":"UnityEngine.SimViz.Content.ContentTests.GeometryTests.SampleSpiral_WithPositiveToNegativeCurvature_ReturnsCorrectValues(0,0,0,0)","state":4,"message":"","duration":1,"durationMicroseconds":943}
]]></output>
                  </test-case>
                  <test-case id="1052" name="SampleSpiral_WithPositiveToNegativeCurvature_ReturnsCorrectValues(0.1f,0.1f,0.000966f,1.08861f)" fullname="UnityEngine.SimViz.Content.ContentTests.GeometryTests.SampleSpiral_WithPositiveToNegativeCurvature_ReturnsCorrectValues(0.1f,0.1f,0.000966f,1.08861f)" methodname="SampleSpiral_WithPositiveToNegativeCurvature_ReturnsCorrectValues" classname="UnityEngine.SimViz.Content.ContentTests.GeometryTests" runstate="Runnable" seed="1562788506" result="Passed" start-time="2020-01-09 23:28:00Z" end-time="2020-01-09 23:28:00Z" duration="0.000530" asserts="0">
                    <properties>
                      <property name="Description" value="S close to zero should have positive curvature and be headingOpenDriveDegrees roughly towards +x" />
                    </properties>
                    <output><![CDATA[
##utp:{"type":"TestStatus","time":1578612480656,"version":2,"phase":"Begin","processId":5764,"name":"UnityEngine.SimViz.Content.ContentTests.GeometryTests.SampleSpiral_WithPositiveToNegativeCurvature_ReturnsCorrectValues(0.1f,0.1f,0.000966f,1.08861f)","state":0}

##utp:{"type":"TestStatus","time":1578612480658,"version":2,"phase":"End","processId":5764,"name":"UnityEngine.SimViz.Content.ContentTests.GeometryTests.SampleSpiral_WithPositiveToNegativeCurvature_ReturnsCorrectValues(0.1f,0.1f,0.000966f,1.08861f)","state":4,"message":"","duration":1,"durationMicroseconds":530}
]]></output>
                  </test-case>
                  <test-case id="1053" name="SampleSpiral_WithPositiveToNegativeCurvature_ReturnsCorrectValues(1,0.997335f,0.06659051f,5.7296f)" fullname="UnityEngine.SimViz.Content.ContentTests.GeometryTests.SampleSpiral_WithPositiveToNegativeCurvature_ReturnsCorrectValues(1,0.997335f,0.06659051f,5.7296f)" methodname="SampleSpiral_WithPositiveToNegativeCurvature_ReturnsCorrectValues" classname="UnityEngine.SimViz.Content.ContentTests.GeometryTests" runstate="Runnable" seed="2089256233" result="Passed" start-time="2020-01-09 23:28:00Z" end-time="2020-01-09 23:28:00Z" duration="0.000526" asserts="0">
                    <properties>
                      <property name="Description" value="S at midpoint should be roughly at (1, -.05) and headingOpenDriveDegrees right and slightly downward" />
                    </properties>
                    <output><![CDATA[
##utp:{"type":"TestStatus","time":1578612480658,"version":2,"phase":"Begin","processId":5764,"name":"UnityEngine.SimViz.Content.ContentTests.GeometryTests.SampleSpiral_WithPositiveToNegativeCurvature_ReturnsCorrectValues(1,0.997335f,0.06659051f,5.7296f)","state":0}

##utp:{"type":"TestStatus","time":1578612480660,"version":2,"phase":"End","processId":5764,"name":"UnityEngine.SimViz.Content.ContentTests.GeometryTests.SampleSpiral_WithPositiveToNegativeCurvature_ReturnsCorrectValues(1,0.997335f,0.06659051f,5.7296f)","state":4,"message":"","duration":1,"durationMicroseconds":526}
]]></output>
                  </test-case>
[...]
]]></output>
          </test-case>
          <test-case id="1188" name="ResetSimulation_WithUnreportedAnnotationAsync_LogsError" fullname="GroundTruthTests.SimulationManagerTests.ResetSimulation_WithUnreportedAnnotationAsync_LogsError" methodname="ResetSimulation_WithUnreportedAnnotationAsync_LogsError" classname="GroundTruthTests.SimulationManagerTests" runstate="Runnable" seed="1109182164" result="Passed" start-time="2020-01-09 23:28:24Z" end-time="2020-01-09 23:28:24Z" duration="0.014847" asserts="0">
            <properties />
            <output><![CDATA[
##utp:{"type":"TestStatus","time":1578612504192,"version":2,"phase":"Begin","processId":5764,"name":"GroundTruthTests.SimulationManagerTests.ResetSimulation_WithUnreportedAnnotationAsync_LogsError","state":0}
Simulation ended with pending annotations: id:dc0f7118-f696-47a2-9c12-43c22ab6fe66 frame:2180

##utp:{"type":"TestStatus","time":1578612504208,"version":2,"phase":"End","processId":5764,"name":"GroundTruthTests.SimulationManagerTests.ResetSimulation_WithUnreportedAnnotationAsync_LogsError","state":4,"message":"","duration":15,"durationMicroseconds":14847}
]]></output>
          </test-case>
          <test-case id="1196" name="ResetSimulation_WithUnreportedMetricAsync_LogsError" fullname="GroundTruthTests.SimulationManagerTests.ResetSimulation_WithUnreportedMetricAsync_LogsError" methodname="ResetSimulation_WithUnreportedMetricAsync_LogsError" classname="GroundTruthTests.SimulationManagerTests" runstate="Runnable" seed="1645709223" result="Passed" start-time="2020-01-09 23:28:24Z" end-time="2020-01-09 23:28:24Z" duration="0.020019" asserts="0">
            <properties />
            <output><![CDATA[
##utp:{"type":"TestStatus","time":1578612504208,"version":2,"phase":"Begin","processId":5764,"name":"GroundTruthTests.SimulationManagerTests.ResetSimulation_WithUnreportedMetricAsync_LogsError","state":0}
Simulation ended with pending metrics: id:1 step:0

##utp:{"type":"TestStatus","time":1578612504229,"version":2,"phase":"End","processId":5764,"name":"GroundTruthTests.SimulationManagerTests.ResetSimulation_WithUnreportedMetricAsync_LogsError","state":4,"message":"","duration":20,"durationMicroseconds":20019}
]]></output>
          </test-case>
          <test-case id="1182" name="StartNewSequence_ProperlyIncrementsSequence" fullname="GroundTruthTests.SimulationManagerTests.StartNewSequence_ProperlyIncrementsSequence" methodname="StartNewSequence_ProperlyIncrementsSequence" classname="GroundTruthTests.SimulationManagerTests" runstate="Runnable" seed="449568537" result="Passed" start-time="2020-01-09 23:28:24Z" end-time="2020-01-09 23:28:24Z" duration="0.061025" asserts="0">
            <properties>
              <property name="_JOINTYPE" value="UnityCombinatorial" />
            </properties>
            <output><![CDATA[
##utp:{"type":"TestStatus","time":1578612504229,"version":2,"phase":"Begin","processId":5764,"name":"GroundTruthTests.SimulationManagerTests.StartNewSequence_ProperlyIncrementsSequence","state":0}
DC[I]: USim Time (secs) : Wall(26.324) Simulation(60.596) Unscaled(32.106) FPS(1.133) 

##utp:{"type":"TestStatus","time":1578612504292,"version":2,"phase":"End","processId":5764,"name":"GroundTruthTests.SimulationManagerTests.StartNewSequence_ProperlyIncrementsSequence","state":4,"message":"","duration":61,"durationMicroseconds":61025}
]]></output>
          </test-case>
        </test-suite>
      </test-suite>
    </test-suite>
    <test-suite type="Assembly" id="1225" name="Unity.SimViz.Scenario.Runtime.Tests.dll" fullname="C:/srchome/simviz/TestProjects/SimVizTest/Library/ScriptAssemblies/Unity.SimViz.Scenario.Runtime.Tests.dll" runstate="Runnable" testcasecount="7" result="Passed" start-time="2020-01-09 23:28:24Z" end-time="2020-01-09 23:28:56Z" duration="31.949606" total="7" passed="7" failed="0" inconclusive="0" skipped="0" asserts="0">
      <properties>
        <property name="_PID" value="5764" />
        <property name="_APPDOMAIN" value="Unity Child Domain" />
        <property name="platform" value="PlayMode" />
      </properties>
      <test-suite type="TestSuite" id="1226" name="RuntimeTests" fullname="RuntimeTests" runstate="Runnable" testcasecount="7" result="Passed" start-time="2020-01-09 23:28:24Z" end-time="2020-01-09 23:28:56Z" duration="31.926425" total="7" passed="7" failed="0" inconclusive="0" skipped="0" asserts="0">
        <properties />
        <test-suite type="TestSuite" id="1227" name="ScenariosTests" fullname="RuntimeTests.ScenariosTests" runstate="Runnable" testcasecount="7" result="Passed" start-time="2020-01-09 23:28:24Z" end-time="2020-01-09 23:28:56Z" duration="31.895172" total="7" passed="7" failed="0" inconclusive="0" skipped="0" asserts="0">
          <properties />
          <test-suite type="TestFixture" id="1217" name="ScenarioManagerTests" fullname="RuntimeTests.ScenariosTests.ScenarioManagerTests" classname="RuntimeTests.ScenariosTests.ScenarioManagerTests" runstate="Runnable" testcasecount="7" result="Passed" start-time="2020-01-09 23:28:24Z" end-time="2020-01-09 23:28:56Z" duration="31.868140" total="7" passed="7" failed="0" inconclusive="0" skipped="0" asserts="0">
            <properties />
            <test-case id="1218" name="BasicTest" fullname="RuntimeTests.ScenariosTests.ScenarioManagerTests.BasicTest" methodname="BasicTest" classname="RuntimeTests.ScenariosTests.ScenarioManagerTests" runstate="Runnable" seed="499564907" result="Passed" start-time="2020-01-09 23:28:24Z" end-time="2020-01-09 23:28:27Z" duration="3.148394" asserts="0">
              <properties>
                <property name="_JOINTYPE" value="UnityCombinatorial" />
              </properties>
              <output><![CDATA[
##utp:{"type":"TestStatus","time":1578612504469,"version":2,"phase":"Begin","processId":5764,"name":"RuntimeTests.ScenariosTests.ScenarioManagerTests.BasicTest","state":0}
Final string : Assets/Scenes/Obstacles3.unity, using Seperator : /
Final string : Assets/Scenes/Obstacles1.unity, using Seperator : /
Final string : Assets/Scenes/TestScene.unity, using Seperator : /
Final string : Assets/Scenes/BaseScene.unity, using Seperator : /
Final string : Assets/Scenes/Scenery.unity, using Seperator : /
Final string : Assets/Scenes/Obstacles2.unity, using Seperator : /
The referenced script (Unknown) on this Behaviour is missing!
The referenced script on this Behaviour (Game Object 'Ball') is missing!
The referenced script (Unknown) on this Behaviour is missing!
The referenced script on this Behaviour (Game Object 'Ball') is missing!
The referenced script (Unknown) on this Behaviour is missing!
The referenced script on this Behaviour (Game Object 'Ball') is missing!
The referenced script (Unknown) on this Behaviour is missing!
The referenced script on this Behaviour (Game Object 'Ball') is missing!

##utp:{"type":"TestStatus","time":1578612507620,"version":2,"phase":"End","processId":5764,"name":"RuntimeTests.ScenariosTests.ScenarioManagerTests.BasicTest","state":4,"message":"","duration":3148,"durationMicroseconds":3148394}
]]></output>
            </test-case>
            <test-case id="1224" name="Permutations" fullname="RuntimeTests.ScenariosTests.ScenarioManagerTests.Permutations" methodname="Permutations" classname="RuntimeTests.ScenariosTests.ScenarioManagerTests" runstate="Runnable" seed="2070879171" result="Passed" start-time="2020-01-09 23:28:27Z" end-time="2020-01-09 23:28:47Z" duration="20.204335" asserts="0">
              <properties>
                <property name="_JOINTYPE" value="UnityCombinatorial" />
              </properties>
              <output><![CDATA[
##utp:{"type":"TestStatus","time":1578612507621,"version":2,"phase":"Begin","processId":5764,"name":"RuntimeTests.ScenariosTests.ScenarioManagerTests.Permutations","state":0}
Final string : Assets/Scenes/Obstacles3.unity, using Seperator : /
Final string : Assets/Scenes/Obstacles1.unity, using Seperator : /
Final string : Assets/Scenes/TestScene.unity, using Seperator : /
Final string : Assets/Scenes/BaseScene.unity, using Seperator : /
Final string : Assets/Scenes/Scenery.unity, using Seperator : /
Final string : Assets/Scenes/Obstacles2.unity, using Seperator : /
The referenced script (Unknown) on this Behaviour is missing!
The referenced script on this Behaviour (Game Object 'Ball') is missing!
The referenced script (Unknown) on this Behaviour is missing!
The referenced script on this Behaviour (Game Object 'Ball') is missing!
The referenced script (Unknown) on this Behaviour is missing!
The referenced script on this Behaviour (Game Object 'Ball') is missing!
The referenced script (Unknown) on this Behaviour is missing!
The referenced script on this Behaviour (Game Object 'Ball') is missing!
The referenced script (Unknown) on this Behaviour is missing!
The referenced script on this Behaviour (Game Object 'Ball') is missing!
DC[I]: USim Time (secs) : Wall(33.736) Simulation(70.002) Unscaled(39.519) FPS(95.481) 
The referenced script (Unknown) on this Behaviour is missing!
The referenced script on this Behaviour (Game Object 'Ball') is missing!
The referenced script (Unknown) on this Behaviour is missing!
The referenced script on this Behaviour (Game Object 'Ball') is missing!
The referenced script (Unknown) on this Behaviour is missing!
The referenced script on this Behaviour (Game Object 'Ball') is missing!
The referenced script (Unknown) on this Behaviour is missing!
The referenced script on this Behaviour (Game Object 'Ball') is missing!
The referenced script (Unknown) on this Behaviour is missing!
The referenced script on this Behaviour (Game Object 'Ball') is missing!
The referenced script (Unknown) on this Behaviour is missing!
The referenced script on this Behaviour (Game Object 'Ball') is missing!
The referenced script (Unknown) on this Behaviour is missing!
The referenced script on this Behaviour (Game Object 'Ball') is missing!
The referenced script (Unknown) on this Behaviour is missing!
The referenced script on this Behaviour (Game Object 'Ball') is missing!
The referenced script (Unknown) on this Behaviour is missing!
The referenced script on this Behaviour (Game Object 'Ball') is missing!
The referenced script (Unknown) on this Behaviour is missing!
The referenced script on this Behaviour (Game Object 'Ball') is missing!
The referenced script (Unknown) on this Behaviour is missing!
The referenced script on this Behaviour (Game Object 'Ball') is missing!
The referenced script (Unknown) on this Behaviour is missing!
The referenced script on this Behaviour (Game Object 'Ball') is missing!
DC[I]: USim Time (secs) : Wall(43.737) Simulation(80.003) Unscaled(49.519) FPS(125.165) 
The referenced script (Unknown) on this Behaviour is missing!
The referenced script on this Behaviour (Game Object 'Ball') is missing!
The referenced script (Unknown) on this Behaviour is missing!
The referenced script on this Behaviour (Game Object 'Ball') is missing!
The referenced script (Unknown) on this Behaviour is missing!
The referenced script on this Behaviour (Game Object 'Ball') is missing!
The referenced script (Unknown) on this Behaviour is missing!
The referenced script on this Behaviour (Game Object 'Ball') is missing!
The referenced script (Unknown) on this Behaviour is missing!
The referenced script on this Behaviour (Game Object 'Ball') is missing!
The referenced script (Unknown) on this Behaviour is missing!
The referenced script on this Behaviour (Game Object 'Ball') is missing!
The referenced script (Unknown) on this Behaviour is missing!
The referenced script on this Behaviour (Game Object 'Ball') is missing!

##utp:{"type":"TestStatus","time":1578612527831,"version":2,"phase":"End","processId":5764,"name":"RuntimeTests.ScenariosTests.ScenarioManagerTests.Permutations","state":4,"message":"","duration":20204,"durationMicroseconds":20204334}
]]></output>
            </test-case>
            <test-case id="1219" name="ProgressiveScheduling" fullname="RuntimeTests.ScenariosTests.ScenarioManagerTests.ProgressiveScheduling" methodname="ProgressiveScheduling" classname="RuntimeTests.ScenariosTests.ScenarioManagerTests" runstate="Runnable" seed="1032429160" result="Passed" start-time="2020-01-09 23:28:47Z" end-time="2020-01-09 23:28:54Z" duration="6.747731" asserts="0">
              <properties>
                <property name="_JOINTYPE" value="UnityCombinatorial" />
              </properties>
              <output><![CDATA[
##utp:{"type":"TestStatus","time":1578612527832,"version":2,"phase":"Begin","processId":5764,"name":"RuntimeTests.ScenariosTests.ScenarioManagerTests.ProgressiveScheduling","state":0}
Final string : Assets/Scenes/Obstacles3.unity, using Seperator : /
Final string : Assets/Scenes/Obstacles1.unity, using Seperator : /
Final string : Assets/Scenes/TestScene.unity, using Seperator : /
Final string : Assets/Scenes/BaseScene.unity, using Seperator : /
Final string : Assets/Scenes/Scenery.unity, using Seperator : /
Final string : Assets/Scenes/Obstacles2.unity, using Seperator : /
The referenced script (Unknown) on this Behaviour is missing!
The referenced script on this Behaviour (Game Object 'Ball') is missing!
The referenced script (Unknown) on this Behaviour is missing!
The referenced script on this Behaviour (Game Object 'Ball') is missing!
The referenced script (Unknown) on this Behaviour is missing!
The referenced script on this Behaviour (Game Object 'Ball') is missing!
The referenced script (Unknown) on this Behaviour is missing!
The referenced script on this Behaviour (Game Object 'Ball') is missing!
The referenced script (Unknown) on this Behaviour is missing!
The referenced script on this Behaviour (Game Object 'Ball') is missing!
DC[I]: USim Time (secs) : Wall(53.737) Simulation(90.003) Unscaled(59.519) FPS(126.866) 
The referenced script (Unknown) on this Behaviour is missing!
The referenced script on this Behaviour (Game Object 'Ball') is missing!
The referenced script (Unknown) on this Behaviour is missing!
The referenced script on this Behaviour (Game Object 'Ball') is missing!
The referenced script (Unknown) on this Behaviour is missing!
The referenced script on this Behaviour (Game Object 'Ball') is missing!

##utp:{"type":"TestStatus","time":1578612534583,"version":2,"phase":"End","processId":5764,"name":"RuntimeTests.ScenariosTests.ScenarioManagerTests.ProgressiveScheduling","state":4,"message":"","duration":6748,"durationMicroseconds":6747731}
]]></output>
            </test-case>
            <test-case id="1223" name="ScenarioNotFound" fullname="RuntimeTests.ScenariosTests.ScenarioManagerTests.ScenarioNotFound" methodname="ScenarioNotFound" classname="RuntimeTests.ScenariosTests.ScenarioManagerTests" runstate="Runnable" seed="1106917446" result="Passed" start-time="2020-01-09 23:28:54Z" end-time="2020-01-09 23:28:54Z" duration="0.056951" asserts="0">
              <properties>
                <property name="_JOINTYPE" value="UnityCombinatorial" />
              </properties>
              <output><![CDATA[
##utp:{"type":"TestStatus","time":1578612534583,"version":2,"phase":"Begin","processId":5764,"name":"RuntimeTests.ScenariosTests.ScenarioManagerTests.ScenarioNotFound","state":0}
Final string : Assets/Scenes/Obstacles3.unity, using Seperator : /
Final string : Assets/Scenes/Obstacles1.unity, using Seperator : /
Final string : Assets/Scenes/TestScene.unity, using Seperator : /
Final string : Assets/Scenes/BaseScene.unity, using Seperator : /
Final string : Assets/Scenes/Scenery.unity, using Seperator : /
Final string : Assets/Scenes/Obstacles2.unity, using Seperator : /

##utp:{"type":"TestStatus","time":1578612534642,"version":2,"phase":"End","processId":5764,"name":"RuntimeTests.ScenariosTests.ScenarioManagerTests.ScenarioNotFound","state":4,"message":"","duration":57,"durationMicroseconds":56951}
]]></output>
            </test-case>
            <test-case id="1222" name="ScenarioWithNoScenes" fullname="RuntimeTests.ScenariosTests.ScenarioManagerTests.ScenarioWithNoScenes" methodname="ScenarioWithNoScenes" classname="RuntimeTests.ScenariosTests.ScenarioManagerTests" runstate="Runnable" seed="1021549311" result="Passed" start-time="2020-01-09 23:28:54Z" end-time="2020-01-09 23:28:54Z" duration="0.294683" asserts="0">
              <properties>
                <property name="_JOINTYPE" value="UnityCombinatorial" />
              </properties>
              <output><![CDATA[
##utp:{"type":"TestStatus","time":1578612534642,"version":2,"phase":"Begin","processId":5764,"name":"RuntimeTests.ScenariosTests.ScenarioManagerTests.ScenarioWithNoScenes","state":0}
Final string : Assets/Scenes/Obstacles3.unity, using Seperator : /
Final string : Assets/Scenes/Obstacles1.unity, using Seperator : /
Final string : Assets/Scenes/TestScene.unity, using Seperator : /
Final string : Assets/Scenes/BaseScene.unity, using Seperator : /
Final string : Assets/Scenes/Scenery.unity, using Seperator : /
Final string : Assets/Scenes/Obstacles2.unity, using Seperator : /

##utp:{"type":"TestStatus","time":1578612534939,"version":2,"phase":"End","processId":5764,"name":"RuntimeTests.ScenariosTests.ScenarioManagerTests.ScenarioWithNoScenes","state":4,"message":"","duration":295,"durationMicroseconds":294683}
]]></output>
            </test-case>
            <test-case id="1220" name="ScenarioWithNullScene" fullname="RuntimeTests.ScenariosTests.ScenarioManagerTests.ScenarioWithNullScene" methodname="ScenarioWithNullScene" classname="RuntimeTests.ScenariosTests.ScenarioManagerTests" runstate="Runnable" seed="1285518189" result="Passed" start-time="2020-01-09 23:28:54Z" end-time="2020-01-09 23:28:55Z" duration="0.295841" asserts="0">
              <properties>
                <property name="_JOINTYPE" value="UnityCombinatorial" />
              </properties>
              <output><![CDATA[
##utp:{"type":"TestStatus","time":1578612534939,"version":2,"phase":"Begin","processId":5764,"name":"RuntimeTests.ScenariosTests.ScenarioManagerTests.ScenarioWithNullScene","state":0}
Final string : Assets/Scenes/Obstacles3.unity, using Seperator : /
Final string : Assets/Scenes/Obstacles1.unity, using Seperator : /
Final string : Assets/Scenes/TestScene.unity, using Seperator : /
Final string : Assets/Scenes/BaseScene.unity, using Seperator : /
Final string : Assets/Scenes/Scenery.unity, using Seperator : /
Final string : Assets/Scenes/Obstacles2.unity, using Seperator : /

IgnoreFailingMessages:true

IgnoreFailingMessages:false

##utp:{"type":"TestStatus","time":1578612535236,"version":2,"phase":"End","processId":5764,"name":"RuntimeTests.ScenariosTests.ScenarioManagerTests.ScenarioWithNullScene","state":4,"message":"","duration":296,"durationMicroseconds":295841}
]]></output>
            </test-case>
            <test-case id="1221" name="ScheduleByScenarioAsset" fullname="RuntimeTests.ScenariosTests.ScenarioManagerTests.ScheduleByScenarioAsset" methodname="ScheduleByScenarioAsset" classname="RuntimeTests.ScenariosTests.ScenarioManagerTests" runstate="Runnable" seed="869868402" result="Passed" start-time="2020-01-09 23:28:55Z" end-time="2020-01-09 23:28:55Z" duration="0.000890" asserts="0">
              <properties>
                <property name="_JOINTYPE" value="UnityCombinatorial" />
              </properties>
              <output><![CDATA[
##utp:{"type":"TestStatus","time":1578612535237,"version":2,"phase":"Begin","processId":5764,"name":"RuntimeTests.ScenariosTests.ScenarioManagerTests.ScheduleByScenarioAsset","state":0}

##utp:{"type":"TestStatus","time":1578612535239,"version":2,"phase":"End","processId":5764,"name":"RuntimeTests.ScenariosTests.ScenarioManagerTests.ScheduleByScenarioAsset","state":4,"message":"","duration":1,"durationMicroseconds":890}
]]></output>
            </test-case>
          </test-suite>
        </test-suite>
      </test-suite>
    </test-suite>
  </test-suite>
</test-run>